{"/home/runner/work/Dukatiq/Dukatiq/server/src/server.js": {"path":"/home/runner/work/Dukatiq/Dukatiq/server/src/server.js","statementMap":{"0":{"start":{"line":8,"column":12},"end":{"line":8,"column":null}},"1":{"start":{"line":9,"column":13},"end":{"line":9,"column":null}},"2":{"start":{"line":10,"column":17},"end":{"line":10,"column":null}},"3":{"start":{"line":12,"column":0},"end":{"line":23,"column":null}},"4":{"start":{"line":13,"column":2},"end":{"line":22,"column":null}},"5":{"start":{"line":14,"column":4},"end":{"line":14,"column":null}},"6":{"start":{"line":15,"column":4},"end":{"line":15,"column":null}},"7":{"start":{"line":16,"column":5},"end":{"line":16,"column":null}},"8":{"start":{"line":17,"column":8},"end":{"line":19,"column":null}},"9":{"start":{"line":21,"column":4},"end":{"line":21,"column":null}},"10":{"start":{"line":26,"column":0},"end":{"line":29,"column":null}},"11":{"start":{"line":27,"column":2},"end":{"line":27,"column":null}},"12":{"start":{"line":28,"column":2},"end":{"line":28,"column":null}}},"fnMap":{"0":{"name":"(anonymous_0)","decl":{"start":{"line":12,"column":17},"end":{"line":12,"column":22}},"loc":{"start":{"line":12,"column":29},"end":{"line":23,"column":1}},"line":12},"1":{"name":"(anonymous_1)","decl":{"start":{"line":26,"column":21},"end":{"line":26,"column":22}},"loc":{"start":{"line":26,"column":27},"end":{"line":29,"column":1}},"line":26}},"branchMap":{"0":{"loc":{"start":{"line":21,"column":17},"end":{"line":21,"column":55}},"type":"binary-expr","locations":[{"start":{"line":21,"column":17},"end":{"line":21,"column":31}},{"start":{"line":21,"column":35},"end":{"line":21,"column":55}}],"line":21}},"s":{"0":0,"1":0,"2":0,"3":0,"4":0,"5":0,"6":0,"7":0,"8":0,"9":0,"10":0,"11":0,"12":0},"f":{"0":0,"1":0},"b":{"0":[0,0]},"meta":{"lastBranch":1,"lastFunction":2,"lastStatement":13,"seen":{"s:8:12:8:Infinity":0,"s:9:13:9:Infinity":1,"s:10:17:10:Infinity":2,"s:12:0:23:Infinity":3,"f:12:17:12:22":0,"s:13:2:22:Infinity":4,"s:14:4:14:Infinity":5,"s:15:4:15:Infinity":6,"s:16:5:16:Infinity":7,"s:17:8:19:Infinity":8,"s:21:4:21:Infinity":9,"b:21:17:21:31:21:35:21:55":0,"s:26:0:29:Infinity":10,"f:26:21:26:22":1,"s:27:2:27:Infinity":11,"s:28:2:28:Infinity":12},"fnNames":{}}}
,"/home/runner/work/Dukatiq/Dukatiq/server/src/api/base.validator.js": {"path":"/home/runner/work/Dukatiq/Dukatiq/server/src/api/base.validator.js","statementMap":{"0":{"start":{"line":3,"column":32},"end":{"line":6,"column":null}}},"fnMap":{},"branchMap":{},"s":{"0":3},"f":{},"b":{},"meta":{"lastBranch":0,"lastFunction":0,"lastStatement":1,"seen":{"s:3:32:6:Infinity":0},"fnNames":{}}}
,"/home/runner/work/Dukatiq/Dukatiq/server/src/api/auth/auth.controller.js": {"path":"/home/runner/work/Dukatiq/Dukatiq/server/src/api/auth/auth.controller.js","statementMap":{"0":{"start":{"line":9,"column":18},"end":{"line":9,"column":null}},"1":{"start":{"line":10,"column":4},"end":{"line":15,"column":null}},"2":{"start":{"line":11,"column":8},"end":{"line":14,"column":null}},"3":{"start":{"line":17,"column":4},"end":{"line":17,"column":null}},"4":{"start":{"line":20,"column":21},"end":{"line":42,"column":null}},"5":{"start":{"line":21,"column":4},"end":{"line":41,"column":null}},"6":{"start":{"line":22,"column":25},"end":{"line":26,"column":null}},"7":{"start":{"line":28,"column":7},"end":{"line":32,"column":null}},"8":{"start":{"line":34,"column":8},"end":{"line":38,"column":null}},"9":{"start":{"line":40,"column":8},"end":{"line":40,"column":null}},"10":{"start":{"line":44,"column":22},"end":{"line":55,"column":null}},"11":{"start":{"line":45,"column":4},"end":{"line":54,"column":null}},"12":{"start":{"line":46,"column":25},"end":{"line":46,"column":null}},"13":{"start":{"line":47,"column":8},"end":{"line":51,"column":null}},"14":{"start":{"line":53,"column":8},"end":{"line":53,"column":null}},"15":{"start":{"line":57,"column":18},"end":{"line":63,"column":null}},"16":{"start":{"line":58,"column":4},"end":{"line":62,"column":null}},"17":{"start":{"line":65,"column":23},"end":{"line":93,"column":null}},"18":{"start":{"line":66,"column":14},"end":{"line":66,"column":null}},"19":{"start":{"line":67,"column":4},"end":{"line":92,"column":null}},"20":{"start":{"line":68,"column":28},"end":{"line":68,"column":null}},"21":{"start":{"line":69,"column":25},"end":{"line":77,"column":null}},"22":{"start":{"line":79,"column":7},"end":{"line":83,"column":null}},"23":{"start":{"line":84,"column":8},"end":{"line":84,"column":null}},"24":{"start":{"line":85,"column":8},"end":{"line":88,"column":null}},"25":{"start":{"line":90,"column":8},"end":{"line":90,"column":null}},"26":{"start":{"line":91,"column":8},"end":{"line":91,"column":null}},"27":{"start":{"line":95,"column":22},"end":{"line":100,"column":null}},"28":{"start":{"line":96,"column":24},"end":{"line":96,"column":null}},"29":{"start":{"line":97,"column":4},"end":{"line":97,"column":null}},"30":{"start":{"line":98,"column":4},"end":{"line":98,"column":null}},"31":{"start":{"line":99,"column":4},"end":{"line":99,"column":null}}},"fnMap":{"0":{"name":"getRefreshToken","decl":{"start":{"line":8,"column":9},"end":{"line":8,"column":24}},"loc":{"start":{"line":8,"column":30},"end":{"line":18,"column":null}},"line":8},"1":{"name":"(anonymous_1)","decl":{"start":{"line":20,"column":21},"end":{"line":20,"column":26}},"loc":{"start":{"line":20,"column":47},"end":{"line":42,"column":null}},"line":20},"2":{"name":"(anonymous_2)","decl":{"start":{"line":44,"column":22},"end":{"line":44,"column":27}},"loc":{"start":{"line":44,"column":42},"end":{"line":55,"column":null}},"line":44},"3":{"name":"(anonymous_3)","decl":{"start":{"line":57,"column":18},"end":{"line":57,"column":23}},"loc":{"start":{"line":57,"column":44},"end":{"line":63,"column":null}},"line":57},"4":{"name":"(anonymous_4)","decl":{"start":{"line":65,"column":23},"end":{"line":65,"column":28}},"loc":{"start":{"line":65,"column":43},"end":{"line":93,"column":null}},"line":65},"5":{"name":"(anonymous_5)","decl":{"start":{"line":95,"column":22},"end":{"line":95,"column":27}},"loc":{"start":{"line":95,"column":42},"end":{"line":100,"column":null}},"line":95}},"branchMap":{"0":{"loc":{"start":{"line":10,"column":4},"end":{"line":15,"column":null}},"type":"if","locations":[{"start":{"line":10,"column":4},"end":{"line":15,"column":null}},{"start":{},"end":{}}],"line":10}},"s":{"0":2,"1":2,"2":0,"3":2,"4":3,"5":5,"6":5,"7":4,"8":5,"9":1,"10":3,"11":7,"12":7,"13":7,"14":0,"15":3,"16":1,"17":3,"18":1,"19":1,"20":1,"21":1,"22":1,"23":1,"24":1,"25":0,"26":0,"27":3,"28":1,"29":1,"30":1,"31":1},"f":{"0":2,"1":5,"2":7,"3":1,"4":1,"5":1},"b":{"0":[0,2]},"meta":{"lastBranch":1,"lastFunction":6,"lastStatement":32,"seen":{"f:8:9:8:24":0,"s:9:18:9:Infinity":0,"b:10:4:15:Infinity:undefined:undefined:undefined:undefined":0,"s:10:4:15:Infinity":1,"s:11:8:14:Infinity":2,"s:17:4:17:Infinity":3,"s:20:21:42:Infinity":4,"f:20:21:20:26":1,"s:21:4:41:Infinity":5,"s:22:25:26:Infinity":6,"s:28:7:32:Infinity":7,"s:34:8:38:Infinity":8,"s:40:8:40:Infinity":9,"s:44:22:55:Infinity":10,"f:44:22:44:27":2,"s:45:4:54:Infinity":11,"s:46:25:46:Infinity":12,"s:47:8:51:Infinity":13,"s:53:8:53:Infinity":14,"s:57:18:63:Infinity":15,"f:57:18:57:23":3,"s:58:4:62:Infinity":16,"s:65:23:93:Infinity":17,"f:65:23:65:28":4,"s:66:14:66:Infinity":18,"s:67:4:92:Infinity":19,"s:68:28:68:Infinity":20,"s:69:25:77:Infinity":21,"s:79:7:83:Infinity":22,"s:84:8:84:Infinity":23,"s:85:8:88:Infinity":24,"s:90:8:90:Infinity":25,"s:91:8:91:Infinity":26,"s:95:22:100:Infinity":27,"f:95:22:95:27":5,"s:96:24:96:Infinity":28,"s:97:4:97:Infinity":29,"s:98:4:98:Infinity":30,"s:99:4:99:Infinity":31},"fnNames":{}}}
,"/home/runner/work/Dukatiq/Dukatiq/server/src/api/auth/auth.model.js": {"path":"/home/runner/work/Dukatiq/Dukatiq/server/src/api/auth/auth.model.js","statementMap":{"0":{"start":{"line":4,"column":20},"end":{"line":30,"column":null}},"1":{"start":{"line":32,"column":28},"end":{"line":64,"column":null}},"2":{"start":{"line":66,"column":0},"end":{"line":68,"column":null}},"3":{"start":{"line":70,"column":0},"end":{"line":72,"column":null}}},"fnMap":{},"branchMap":{},"s":{"0":6,"1":6,"2":6,"3":6},"f":{},"b":{},"meta":{"lastBranch":0,"lastFunction":0,"lastStatement":4,"seen":{"s:4:20:30:Infinity":0,"s:32:28:64:Infinity":1,"s:66:0:68:Infinity":2,"s:70:0:72:Infinity":3},"fnNames":{}}}
,"/home/runner/work/Dukatiq/Dukatiq/server/src/api/auth/auth.repository.js": {"path":"/home/runner/work/Dukatiq/Dukatiq/server/src/api/auth/auth.repository.js","statementMap":{"0":{"start":{"line":9,"column":8},"end":{"line":9,"column":null}},"1":{"start":{"line":13,"column":8},"end":{"line":13,"column":null}},"2":{"start":{"line":18,"column":25},"end":{"line":18,"column":null}},"3":{"start":{"line":19,"column":8},"end":{"line":19,"column":null}},"4":{"start":{"line":23,"column":25},"end":{"line":23,"column":null}},"5":{"start":{"line":24,"column":8},"end":{"line":26,"column":null}},"6":{"start":{"line":25,"column":12},"end":{"line":25,"column":null}},"7":{"start":{"line":27,"column":8},"end":{"line":27,"column":null}},"8":{"start":{"line":32,"column":24},"end":{"line":32,"column":null}},"9":{"start":{"line":33,"column":8},"end":{"line":33,"column":null}},"10":{"start":{"line":37,"column":8},"end":{"line":37,"column":null}},"11":{"start":{"line":42,"column":8},"end":{"line":50,"column":null}},"12":{"start":{"line":54,"column":8},"end":{"line":62,"column":null}},"13":{"start":{"line":65,"column":8},"end":{"line":74,"column":null}},"14":{"start":{"line":78,"column":8},"end":{"line":81,"column":null}}},"fnMap":{"0":{"name":"findById","decl":{"start":{"line":8,"column":17},"end":{"line":8,"column":25}},"loc":{"start":{"line":8,"column":30},"end":{"line":10,"column":null}},"line":8},"1":{"name":"findByEmail","decl":{"start":{"line":12,"column":17},"end":{"line":12,"column":28}},"loc":{"start":{"line":12,"column":56},"end":{"line":14,"column":null}},"line":12},"2":{"name":"create","decl":{"start":{"line":17,"column":17},"end":{"line":17,"column":23}},"loc":{"start":{"line":17,"column":50},"end":{"line":20,"column":null}},"line":17},"3":{"name":"findOrCreate","decl":{"start":{"line":22,"column":17},"end":{"line":22,"column":29}},"loc":{"start":{"line":22,"column":56},"end":{"line":28,"column":null}},"line":22},"4":{"name":"update","decl":{"start":{"line":31,"column":17},"end":{"line":31,"column":23}},"loc":{"start":{"line":31,"column":34},"end":{"line":34,"column":null}},"line":31},"5":{"name":"delete","decl":{"start":{"line":36,"column":17},"end":{"line":36,"column":23}},"loc":{"start":{"line":36,"column":28},"end":{"line":38,"column":null}},"line":36},"6":{"name":"saveRefreshToken","decl":{"start":{"line":40,"column":17},"end":{"line":40,"column":33}},"loc":{"start":{"line":40,"column":60},"end":{"line":51,"column":null}},"line":40},"7":{"name":"findValidTokens","decl":{"start":{"line":53,"column":17},"end":{"line":53,"column":32}},"loc":{"start":{"line":53,"column":53},"end":{"line":63,"column":null}},"line":53},"8":{"name":"findActiveTokenById","decl":{"start":{"line":64,"column":17},"end":{"line":64,"column":36}},"loc":{"start":{"line":64,"column":61},"end":{"line":75,"column":null}},"line":64},"9":{"name":"revokeToken","decl":{"start":{"line":77,"column":17},"end":{"line":77,"column":28}},"loc":{"start":{"line":77,"column":53},"end":{"line":82,"column":null}},"line":77}},"branchMap":{"0":{"loc":{"start":{"line":12,"column":36},"end":{"line":12,"column":54}},"type":"default-arg","locations":[{"start":{"line":12,"column":50},"end":{"line":12,"column":54}}],"line":12},"1":{"loc":{"start":{"line":17,"column":30},"end":{"line":17,"column":48}},"type":"default-arg","locations":[{"start":{"line":17,"column":44},"end":{"line":17,"column":48}}],"line":17},"2":{"loc":{"start":{"line":22,"column":36},"end":{"line":22,"column":54}},"type":"default-arg","locations":[{"start":{"line":22,"column":50},"end":{"line":22,"column":54}}],"line":22},"3":{"loc":{"start":{"line":24,"column":8},"end":{"line":26,"column":null}},"type":"if","locations":[{"start":{"line":24,"column":8},"end":{"line":26,"column":null}},{"start":{},"end":{}}],"line":24},"4":{"loc":{"start":{"line":40,"column":40},"end":{"line":40,"column":58}},"type":"default-arg","locations":[{"start":{"line":40,"column":54},"end":{"line":40,"column":58}}],"line":40},"5":{"loc":{"start":{"line":53,"column":33},"end":{"line":53,"column":51}},"type":"default-arg","locations":[{"start":{"line":53,"column":47},"end":{"line":53,"column":51}}],"line":53},"6":{"loc":{"start":{"line":64,"column":41},"end":{"line":64,"column":59}},"type":"default-arg","locations":[{"start":{"line":64,"column":55},"end":{"line":64,"column":59}}],"line":64},"7":{"loc":{"start":{"line":77,"column":33},"end":{"line":77,"column":51}},"type":"default-arg","locations":[{"start":{"line":77,"column":47},"end":{"line":77,"column":51}}],"line":77}},"s":{"0":5,"1":12,"2":16,"3":16,"4":0,"5":0,"6":0,"7":0,"8":1,"9":1,"10":1,"11":8,"12":1,"13":3,"14":3},"f":{"0":5,"1":5,"2":5,"3":5,"4":5,"5":5,"6":5,"7":5,"8":5,"9":5},"b":{"0":[12],"1":[16],"2":[0],"3":[0,0],"4":[8],"5":[1],"6":[3],"7":[3]},"meta":{"lastBranch":8,"lastFunction":10,"lastStatement":15,"seen":{"f:8:17:8:25":0,"s:9:8:9:Infinity":0,"f:12:17:12:28":1,"b:12:50:12:54":0,"s:13:8:13:Infinity":1,"f:17:17:17:23":2,"b:17:44:17:48":1,"s:18:25:18:Infinity":2,"s:19:8:19:Infinity":3,"f:22:17:22:29":3,"b:22:50:22:54":2,"s:23:25:23:Infinity":4,"b:24:8:26:Infinity:undefined:undefined:undefined:undefined":3,"s:24:8:26:Infinity":5,"s:25:12:25:Infinity":6,"s:27:8:27:Infinity":7,"f:31:17:31:23":4,"s:32:24:32:Infinity":8,"s:33:8:33:Infinity":9,"f:36:17:36:23":5,"s:37:8:37:Infinity":10,"f:40:17:40:33":6,"b:40:54:40:58":4,"s:42:8:50:Infinity":11,"f:53:17:53:32":7,"b:53:47:53:51":5,"s:54:8:62:Infinity":12,"f:64:17:64:36":8,"b:64:55:64:59":6,"s:65:8:74:Infinity":13,"f:77:17:77:28":9,"b:77:47:77:51":7,"s:78:8:81:Infinity":14},"fnNames":{}}}
,"/home/runner/work/Dukatiq/Dukatiq/server/src/api/auth/auth.route.js": {"path":"/home/runner/work/Dukatiq/Dukatiq/server/src/api/auth/auth.route.js","statementMap":{"0":{"start":{"line":5,"column":15},"end":{"line":5,"column":null}},"1":{"start":{"line":7,"column":0},"end":{"line":7,"column":null}},"2":{"start":{"line":8,"column":0},"end":{"line":8,"column":null}},"3":{"start":{"line":9,"column":0},"end":{"line":9,"column":null}},"4":{"start":{"line":10,"column":0},"end":{"line":14,"column":null}},"5":{"start":{"line":15,"column":0},"end":{"line":15,"column":null}}},"fnMap":{},"branchMap":{},"s":{"0":3,"1":3,"2":3,"3":3,"4":3,"5":3},"f":{},"b":{},"meta":{"lastBranch":0,"lastFunction":0,"lastStatement":6,"seen":{"s:5:15:5:Infinity":0,"s:7:0:7:Infinity":1,"s:8:0:8:Infinity":2,"s:9:0:9:Infinity":3,"s:10:0:14:Infinity":4,"s:15:0:15:Infinity":5},"fnNames":{}}}
,"/home/runner/work/Dukatiq/Dukatiq/server/src/api/auth/auth.serializer.js": {"path":"/home/runner/work/Dukatiq/Dukatiq/server/src/api/auth/auth.serializer.js","statementMap":{"0":{"start":{"line":3,"column":8},"end":{"line":7,"column":null}},"1":{"start":{"line":11,"column":8},"end":{"line":17,"column":null}}},"fnMap":{"0":{"name":"baseSerializer","decl":{"start":{"line":2,"column":11},"end":{"line":2,"column":25}},"loc":{"start":{"line":2,"column":32},"end":{"line":8,"column":null}},"line":2},"1":{"name":"minimalSerializer","decl":{"start":{"line":10,"column":11},"end":{"line":10,"column":28}},"loc":{"start":{"line":10,"column":35},"end":{"line":18,"column":null}},"line":10}},"branchMap":{},"s":{"0":10,"1":0},"f":{"0":3,"1":3},"b":{},"meta":{"lastBranch":0,"lastFunction":2,"lastStatement":2,"seen":{"f:2:11:2:25":0,"s:3:8:7:Infinity":0,"f:10:11:10:28":1,"s:11:8:17:Infinity":1},"fnNames":{}}}
,"/home/runner/work/Dukatiq/Dukatiq/server/src/api/auth/auth.service.js": {"path":"/home/runner/work/Dukatiq/Dukatiq/server/src/api/auth/auth.service.js","statementMap":{"0":{"start":{"line":16,"column":21},"end":{"line":16,"column":null}},"1":{"start":{"line":18,"column":25},"end":{"line":18,"column":null}},"2":{"start":{"line":19,"column":8},"end":{"line":25,"column":null}},"3":{"start":{"line":20,"column":12},"end":{"line":24,"column":null}},"4":{"start":{"line":27,"column":21},"end":{"line":27,"column":null}},"5":{"start":{"line":29,"column":9},"end":{"line":34,"column":null}},"6":{"start":{"line":38,"column":21},"end":{"line":38,"column":null}},"7":{"start":{"line":39,"column":21},"end":{"line":39,"column":null}},"8":{"start":{"line":40,"column":8},"end":{"line":46,"column":null}},"9":{"start":{"line":41,"column":12},"end":{"line":45,"column":null}},"10":{"start":{"line":48,"column":22},"end":{"line":48,"column":null}},"11":{"start":{"line":49,"column":8},"end":{"line":55,"column":null}},"12":{"start":{"line":50,"column":12},"end":{"line":54,"column":null}},"13":{"start":{"line":57,"column":28},"end":{"line":57,"column":null}},"14":{"start":{"line":58,"column":26},"end":{"line":58,"column":null}},"15":{"start":{"line":60,"column":19},"end":{"line":66,"column":null}},"16":{"start":{"line":68,"column":27},"end":{"line":68,"column":null}},"17":{"start":{"line":70,"column":8},"end":{"line":79,"column":null}},"18":{"start":{"line":86,"column":22},"end":{"line":86,"column":null}},"19":{"start":{"line":87,"column":8},"end":{"line":93,"column":null}},"20":{"start":{"line":88,"column":12},"end":{"line":92,"column":null}},"21":{"start":{"line":95,"column":29},"end":{"line":95,"column":null}},"22":{"start":{"line":97,"column":8},"end":{"line":103,"column":null}},"23":{"start":{"line":98,"column":12},"end":{"line":102,"column":null}},"24":{"start":{"line":106,"column":8},"end":{"line":106,"column":null}},"25":{"start":{"line":108,"column":31},"end":{"line":108,"column":null}},"26":{"start":{"line":109,"column":24},"end":{"line":109,"column":null}},"27":{"start":{"line":111,"column":8},"end":{"line":120,"column":null}},"28":{"start":{"line":122,"column":21},"end":{"line":122,"column":null}},"29":{"start":{"line":123,"column":27},"end":{"line":123,"column":null}},"30":{"start":{"line":125,"column":8},"end":{"line":130,"column":null}},"31":{"start":{"line":134,"column":22},"end":{"line":134,"column":null}},"32":{"start":{"line":135,"column":8},"end":{"line":140,"column":null}},"33":{"start":{"line":136,"column":12},"end":{"line":139,"column":null}},"34":{"start":{"line":141,"column":8},"end":{"line":141,"column":null}},"35":{"start":{"line":143,"column":8},"end":{"line":146,"column":null}}},"fnMap":{"0":{"name":"signup","decl":{"start":{"line":15,"column":17},"end":{"line":15,"column":23}},"loc":{"start":{"line":15,"column":30},"end":{"line":35,"column":null}},"line":15},"1":{"name":"login","decl":{"start":{"line":37,"column":17},"end":{"line":37,"column":22}},"loc":{"start":{"line":37,"column":29},"end":{"line":80,"column":null}},"line":37},"2":{"name":"refresh","decl":{"start":{"line":82,"column":17},"end":{"line":82,"column":24}},"loc":{"start":{"line":85,"column":6},"end":{"line":131,"column":null}},"line":85},"3":{"name":"logout","decl":{"start":{"line":133,"column":17},"end":{"line":133,"column":23}},"loc":{"start":{"line":133,"column":42},"end":{"line":147,"column":null}},"line":133}},"branchMap":{"0":{"loc":{"start":{"line":19,"column":8},"end":{"line":25,"column":null}},"type":"if","locations":[{"start":{"line":19,"column":8},"end":{"line":25,"column":null}},{"start":{},"end":{}}],"line":19},"1":{"loc":{"start":{"line":40,"column":8},"end":{"line":46,"column":null}},"type":"if","locations":[{"start":{"line":40,"column":8},"end":{"line":46,"column":null}},{"start":{},"end":{}}],"line":40},"2":{"loc":{"start":{"line":49,"column":8},"end":{"line":55,"column":null}},"type":"if","locations":[{"start":{"line":49,"column":8},"end":{"line":55,"column":null}},{"start":{},"end":{}}],"line":49},"3":{"loc":{"start":{"line":84,"column":8},"end":{"line":84,"column":null}},"type":"default-arg","locations":[{"start":{"line":84,"column":22},"end":{"line":84,"column":null}}],"line":84},"4":{"loc":{"start":{"line":87,"column":8},"end":{"line":93,"column":null}},"type":"if","locations":[{"start":{"line":87,"column":8},"end":{"line":93,"column":null}},{"start":{},"end":{}}],"line":87},"5":{"loc":{"start":{"line":97,"column":8},"end":{"line":103,"column":null}},"type":"if","locations":[{"start":{"line":97,"column":8},"end":{"line":103,"column":null}},{"start":{},"end":{}}],"line":97},"6":{"loc":{"start":{"line":135,"column":8},"end":{"line":140,"column":null}},"type":"if","locations":[{"start":{"line":135,"column":8},"end":{"line":140,"column":null}},{"start":{},"end":{}}],"line":135}},"s":{"0":7,"1":7,"2":7,"3":1,"4":6,"5":6,"6":5,"7":4,"8":4,"9":0,"10":4,"11":4,"12":0,"13":4,"14":4,"15":4,"16":4,"17":4,"18":1,"19":1,"20":0,"21":1,"22":1,"23":0,"24":1,"25":1,"26":1,"27":1,"28":1,"29":1,"30":1,"31":1,"32":1,"33":0,"34":1,"35":1},"f":{"0":3,"1":3,"2":3,"3":3},"b":{"0":[1,6],"1":[0,4],"2":[0,4],"3":[1],"4":[0,1],"5":[0,1],"6":[0,1]},"meta":{"lastBranch":7,"lastFunction":4,"lastStatement":36,"seen":{"f:15:17:15:23":0,"s:16:21:16:Infinity":0,"s:18:25:18:Infinity":1,"b:19:8:25:Infinity:undefined:undefined:undefined:undefined":0,"s:19:8:25:Infinity":2,"s:20:12:24:Infinity":3,"s:27:21:27:Infinity":4,"s:29:9:34:Infinity":5,"f:37:17:37:22":1,"s:38:21:38:Infinity":6,"s:39:21:39:Infinity":7,"b:40:8:46:Infinity:undefined:undefined:undefined:undefined":1,"s:40:8:46:Infinity":8,"s:41:12:45:Infinity":9,"s:48:22:48:Infinity":10,"b:49:8:55:Infinity:undefined:undefined:undefined:undefined":2,"s:49:8:55:Infinity":11,"s:50:12:54:Infinity":12,"s:57:28:57:Infinity":13,"s:58:26:58:Infinity":14,"s:60:19:66:Infinity":15,"s:68:27:68:Infinity":16,"s:70:8:79:Infinity":17,"f:82:17:82:24":2,"b:84:22:84:Infinity":3,"s:86:22:86:Infinity":18,"b:87:8:93:Infinity:undefined:undefined:undefined:undefined":4,"s:87:8:93:Infinity":19,"s:88:12:92:Infinity":20,"s:95:29:95:Infinity":21,"b:97:8:103:Infinity:undefined:undefined:undefined:undefined":5,"s:97:8:103:Infinity":22,"s:98:12:102:Infinity":23,"s:106:8:106:Infinity":24,"s:108:31:108:Infinity":25,"s:109:24:109:Infinity":26,"s:111:8:120:Infinity":27,"s:122:21:122:Infinity":28,"s:123:27:123:Infinity":29,"s:125:8:130:Infinity":30,"f:133:17:133:23":3,"s:134:22:134:Infinity":31,"b:135:8:140:Infinity:undefined:undefined:undefined:undefined":6,"s:135:8:140:Infinity":32,"s:136:12:139:Infinity":33,"s:141:8:141:Infinity":34,"s:143:8:146:Infinity":35},"fnNames":{}}}
,"/home/runner/work/Dukatiq/Dukatiq/server/src/api/auth/auth.validator.js": {"path":"/home/runner/work/Dukatiq/Dukatiq/server/src/api/auth/auth.validator.js","statementMap":{"0":{"start":{"line":4,"column":24},"end":{"line":9,"column":null}},"1":{"start":{"line":11,"column":26},"end":{"line":11,"column":null}},"2":{"start":{"line":13,"column":25},"end":{"line":14,"column":null}}},"fnMap":{},"branchMap":{},"s":{"0":3,"1":3,"2":3},"f":{},"b":{},"meta":{"lastBranch":0,"lastFunction":0,"lastStatement":3,"seen":{"s:4:24:9:Infinity":0,"s:11:26:11:Infinity":1,"s:13:25:14:Infinity":2},"fnNames":{}}}
,"/home/runner/work/Dukatiq/Dukatiq/server/src/api/expense/expense.controller.js": {"path":"/home/runner/work/Dukatiq/Dukatiq/server/src/api/expense/expense.controller.js","statementMap":{"0":{"start":{"line":5,"column":30},"end":{"line":8,"column":null}},"1":{"start":{"line":6,"column":21},"end":{"line":6,"column":null}},"2":{"start":{"line":7,"column":4},"end":{"line":7,"column":null}},"3":{"start":{"line":9,"column":26},"end":{"line":16,"column":null}},"4":{"start":{"line":10,"column":21},"end":{"line":10,"column":null}},"5":{"start":{"line":11,"column":4},"end":{"line":15,"column":null}},"6":{"start":{"line":18,"column":29},"end":{"line":32,"column":null}},"7":{"start":{"line":19,"column":14},"end":{"line":19,"column":null}},"8":{"start":{"line":20,"column":4},"end":{"line":31,"column":null}},"9":{"start":{"line":21,"column":25},"end":{"line":21,"column":null}},"10":{"start":{"line":22,"column":8},"end":{"line":22,"column":null}},"11":{"start":{"line":23,"column":8},"end":{"line":27,"column":null}},"12":{"start":{"line":29,"column":8},"end":{"line":29,"column":null}},"13":{"start":{"line":30,"column":8},"end":{"line":30,"column":null}},"14":{"start":{"line":34,"column":29},"end":{"line":41,"column":null}},"15":{"start":{"line":35,"column":21},"end":{"line":35,"column":null}},"16":{"start":{"line":36,"column":4},"end":{"line":40,"column":null}},"17":{"start":{"line":43,"column":29},"end":{"line":50,"column":null}},"18":{"start":{"line":44,"column":21},"end":{"line":44,"column":null}},"19":{"start":{"line":45,"column":4},"end":{"line":49,"column":null}}},"fnMap":{"0":{"name":"(anonymous_0)","decl":{"start":{"line":5,"column":30},"end":{"line":5,"column":35}},"loc":{"start":{"line":5,"column":50},"end":{"line":8,"column":null}},"line":5},"1":{"name":"(anonymous_1)","decl":{"start":{"line":9,"column":26},"end":{"line":9,"column":31}},"loc":{"start":{"line":9,"column":46},"end":{"line":16,"column":null}},"line":9},"2":{"name":"(anonymous_2)","decl":{"start":{"line":18,"column":29},"end":{"line":18,"column":34}},"loc":{"start":{"line":18,"column":49},"end":{"line":32,"column":null}},"line":18},"3":{"name":"(anonymous_3)","decl":{"start":{"line":34,"column":29},"end":{"line":34,"column":34}},"loc":{"start":{"line":34,"column":49},"end":{"line":41,"column":null}},"line":34},"4":{"name":"(anonymous_4)","decl":{"start":{"line":43,"column":29},"end":{"line":43,"column":34}},"loc":{"start":{"line":43,"column":49},"end":{"line":50,"column":null}},"line":43}},"branchMap":{},"s":{"0":3,"1":1,"2":1,"3":3,"4":2,"5":2,"6":3,"7":4,"8":4,"9":4,"10":4,"11":4,"12":0,"13":0,"14":3,"15":1,"16":1,"17":3,"18":1,"19":1},"f":{"0":1,"1":2,"2":4,"3":1,"4":1},"b":{},"meta":{"lastBranch":0,"lastFunction":5,"lastStatement":20,"seen":{"s:5:30:8:Infinity":0,"f:5:30:5:35":0,"s:6:21:6:Infinity":1,"s:7:4:7:Infinity":2,"s:9:26:16:Infinity":3,"f:9:26:9:31":1,"s:10:21:10:Infinity":4,"s:11:4:15:Infinity":5,"s:18:29:32:Infinity":6,"f:18:29:18:34":2,"s:19:14:19:Infinity":7,"s:20:4:31:Infinity":8,"s:21:25:21:Infinity":9,"s:22:8:22:Infinity":10,"s:23:8:27:Infinity":11,"s:29:8:29:Infinity":12,"s:30:8:30:Infinity":13,"s:34:29:41:Infinity":14,"f:34:29:34:34":3,"s:35:21:35:Infinity":15,"s:36:4:40:Infinity":16,"s:43:29:50:Infinity":17,"f:43:29:43:34":4,"s:44:21:44:Infinity":18,"s:45:4:49:Infinity":19},"fnNames":{}}}
,"/home/runner/work/Dukatiq/Dukatiq/server/src/api/expense/expense.model.js": {"path":"/home/runner/work/Dukatiq/Dukatiq/server/src/api/expense/expense.model.js","statementMap":{"0":{"start":{"line":5,"column":23},"end":{"line":19,"column":null}},"1":{"start":{"line":21,"column":0},"end":{"line":21,"column":null}},"2":{"start":{"line":22,"column":0},"end":{"line":22,"column":null}}},"fnMap":{},"branchMap":{},"s":{"0":4,"1":4,"2":4},"f":{},"b":{},"meta":{"lastBranch":0,"lastFunction":0,"lastStatement":3,"seen":{"s:5:23:19:Infinity":0,"s:21:0:21:Infinity":1,"s:22:0:22:Infinity":2},"fnNames":{}}}
,"/home/runner/work/Dukatiq/Dukatiq/server/src/api/expense/expense.repository.js": {"path":"/home/runner/work/Dukatiq/Dukatiq/server/src/api/expense/expense.repository.js","statementMap":{"0":{"start":{"line":9,"column":8},"end":{"line":9,"column":null}},"1":{"start":{"line":14,"column":8},"end":{"line":14,"column":null}},"2":{"start":{"line":19,"column":25},"end":{"line":22,"column":null}},"3":{"start":{"line":23,"column":8},"end":{"line":29,"column":null}},"4":{"start":{"line":34,"column":24},"end":{"line":34,"column":null}},"5":{"start":{"line":35,"column":8},"end":{"line":35,"column":null}},"6":{"start":{"line":38,"column":8},"end":{"line":38,"column":null}}},"fnMap":{"0":{"name":"getAll","decl":{"start":{"line":8,"column":17},"end":{"line":8,"column":23}},"loc":{"start":{"line":8,"column":26},"end":{"line":10,"column":null}},"line":8},"1":{"name":"getById","decl":{"start":{"line":13,"column":17},"end":{"line":13,"column":24}},"loc":{"start":{"line":13,"column":29},"end":{"line":15,"column":null}},"line":13},"2":{"name":"create","decl":{"start":{"line":18,"column":17},"end":{"line":18,"column":23}},"loc":{"start":{"line":18,"column":50},"end":{"line":30,"column":null}},"line":18},"3":{"name":"update","decl":{"start":{"line":33,"column":17},"end":{"line":33,"column":23}},"loc":{"start":{"line":33,"column":34},"end":{"line":36,"column":null}},"line":33},"4":{"name":"delete","decl":{"start":{"line":37,"column":17},"end":{"line":37,"column":23}},"loc":{"start":{"line":37,"column":28},"end":{"line":39,"column":null}},"line":37}},"branchMap":{"0":{"loc":{"start":{"line":18,"column":30},"end":{"line":18,"column":48}},"type":"default-arg","locations":[{"start":{"line":18,"column":44},"end":{"line":18,"column":48}}],"line":18}},"s":{"0":1,"1":5,"2":11,"3":11,"4":2,"5":2,"6":2},"f":{"0":4,"1":4,"2":4,"3":4,"4":4},"b":{"0":[11]},"meta":{"lastBranch":1,"lastFunction":5,"lastStatement":7,"seen":{"f:8:17:8:23":0,"s:9:8:9:Infinity":0,"f:13:17:13:24":1,"s:14:8:14:Infinity":1,"f:18:17:18:23":2,"b:18:44:18:48":0,"s:19:25:22:Infinity":2,"s:23:8:29:Infinity":3,"f:33:17:33:23":3,"s:34:24:34:Infinity":4,"s:35:8:35:Infinity":5,"f:37:17:37:23":4,"s:38:8:38:Infinity":6},"fnNames":{}}}
,"/home/runner/work/Dukatiq/Dukatiq/server/src/api/expense/expense.route.js": {"path":"/home/runner/work/Dukatiq/Dukatiq/server/src/api/expense/expense.route.js","statementMap":{"0":{"start":{"line":4,"column":15},"end":{"line":4,"column":31}},"1":{"start":{"line":6,"column":0},"end":{"line":6,"column":null}},"2":{"start":{"line":7,"column":0},"end":{"line":7,"column":null}},"3":{"start":{"line":8,"column":0},"end":{"line":8,"column":null}},"4":{"start":{"line":9,"column":0},"end":{"line":9,"column":null}},"5":{"start":{"line":10,"column":0},"end":{"line":10,"column":null}}},"fnMap":{},"branchMap":{},"s":{"0":3,"1":3,"2":3,"3":3,"4":3,"5":3},"f":{},"b":{},"meta":{"lastBranch":0,"lastFunction":0,"lastStatement":6,"seen":{"s:4:15:4:31":0,"s:6:0:6:Infinity":1,"s:7:0:7:Infinity":2,"s:8:0:8:Infinity":3,"s:9:0:9:Infinity":4,"s:10:0:10:Infinity":5},"fnNames":{}}}
,"/home/runner/work/Dukatiq/Dukatiq/server/src/api/expense/expense.service.js": {"path":"/home/runner/work/Dukatiq/Dukatiq/server/src/api/expense/expense.service.js","statementMap":{"0":{"start":{"line":7,"column":8},"end":{"line":7,"column":null}},"1":{"start":{"line":11,"column":24},"end":{"line":11,"column":null}},"2":{"start":{"line":12,"column":8},"end":{"line":18,"column":null}},"3":{"start":{"line":13,"column":12},"end":{"line":17,"column":null}},"4":{"start":{"line":19,"column":8},"end":{"line":24,"column":null}},"5":{"start":{"line":28,"column":21},"end":{"line":28,"column":null}},"6":{"start":{"line":31,"column":24},"end":{"line":31,"column":null}},"7":{"start":{"line":33,"column":8},"end":{"line":38,"column":null}},"8":{"start":{"line":41,"column":24},"end":{"line":41,"column":null}},"9":{"start":{"line":43,"column":21},"end":{"line":43,"column":null}},"10":{"start":{"line":45,"column":23},"end":{"line":45,"column":null}},"11":{"start":{"line":46,"column":8},"end":{"line":52,"column":null}},"12":{"start":{"line":47,"column":12},"end":{"line":51,"column":null}},"13":{"start":{"line":53,"column":8},"end":{"line":58,"column":null}},"14":{"start":{"line":62,"column":24},"end":{"line":62,"column":null}},"15":{"start":{"line":63,"column":8},"end":{"line":63,"column":null}},"16":{"start":{"line":64,"column":8},"end":{"line":69,"column":null}}},"fnMap":{"0":{"name":"findMany","decl":{"start":{"line":6,"column":17},"end":{"line":6,"column":25}},"loc":{"start":{"line":6,"column":28},"end":{"line":8,"column":null}},"line":6},"1":{"name":"findById","decl":{"start":{"line":10,"column":17},"end":{"line":10,"column":25}},"loc":{"start":{"line":10,"column":30},"end":{"line":26,"column":null}},"line":10},"2":{"name":"add","decl":{"start":{"line":27,"column":17},"end":{"line":27,"column":20}},"loc":{"start":{"line":27,"column":47},"end":{"line":39,"column":null}},"line":27},"3":{"name":"update","decl":{"start":{"line":40,"column":17},"end":{"line":40,"column":23}},"loc":{"start":{"line":40,"column":34},"end":{"line":59,"column":null}},"line":40},"4":{"name":"remove","decl":{"start":{"line":61,"column":17},"end":{"line":61,"column":23}},"loc":{"start":{"line":61,"column":28},"end":{"line":70,"column":null}},"line":61}},"branchMap":{"0":{"loc":{"start":{"line":12,"column":8},"end":{"line":18,"column":null}},"type":"if","locations":[{"start":{"line":12,"column":8},"end":{"line":18,"column":null}},{"start":{},"end":{}}],"line":12},"1":{"loc":{"start":{"line":27,"column":27},"end":{"line":27,"column":45}},"type":"default-arg","locations":[{"start":{"line":27,"column":41},"end":{"line":27,"column":45}}],"line":27},"2":{"loc":{"start":{"line":46,"column":8},"end":{"line":52,"column":null}},"type":"if","locations":[{"start":{"line":46,"column":8},"end":{"line":52,"column":null}},{"start":{},"end":{}}],"line":46}},"s":{"0":1,"1":4,"2":4,"3":1,"4":3,"5":4,"6":4,"7":4,"8":1,"9":1,"10":1,"11":1,"12":0,"13":1,"14":1,"15":1,"16":1},"f":{"0":3,"1":3,"2":3,"3":3,"4":3},"b":{"0":[1,3],"1":[4],"2":[0,1]},"meta":{"lastBranch":3,"lastFunction":5,"lastStatement":17,"seen":{"f:6:17:6:25":0,"s:7:8:7:Infinity":0,"f:10:17:10:25":1,"s:11:24:11:Infinity":1,"b:12:8:18:Infinity:undefined:undefined:undefined:undefined":0,"s:12:8:18:Infinity":2,"s:13:12:17:Infinity":3,"s:19:8:24:Infinity":4,"f:27:17:27:20":2,"b:27:41:27:45":1,"s:28:21:28:Infinity":5,"s:31:24:31:Infinity":6,"s:33:8:38:Infinity":7,"f:40:17:40:23":3,"s:41:24:41:Infinity":8,"s:43:21:43:Infinity":9,"s:45:23:45:Infinity":10,"b:46:8:52:Infinity:undefined:undefined:undefined:undefined":2,"s:46:8:52:Infinity":11,"s:47:12:51:Infinity":12,"s:53:8:58:Infinity":13,"f:61:17:61:23":4,"s:62:24:62:Infinity":14,"s:63:8:63:Infinity":15,"s:64:8:69:Infinity":16},"fnNames":{}}}
,"/home/runner/work/Dukatiq/Dukatiq/server/src/api/expense/expense.validator.js": {"path":"/home/runner/work/Dukatiq/Dukatiq/server/src/api/expense/expense.validator.js","statementMap":{"0":{"start":{"line":5,"column":24},"end":{"line":9,"column":null}},"1":{"start":{"line":11,"column":26},"end":{"line":11,"column":null}},"2":{"start":{"line":13,"column":26},"end":{"line":13,"column":null}},"3":{"start":{"line":15,"column":26},"end":{"line":19,"column":null}}},"fnMap":{},"branchMap":{},"s":{"0":3,"1":3,"2":3,"3":3},"f":{},"b":{},"meta":{"lastBranch":0,"lastFunction":0,"lastStatement":4,"seen":{"s:5:24:9:Infinity":0,"s:11:26:11:Infinity":1,"s:13:26:13:Infinity":2,"s:15:26:19:Infinity":3},"fnNames":{}}}
,"/home/runner/work/Dukatiq/Dukatiq/server/src/api/expense/category/expense.category.controller.js": {"path":"/home/runner/work/Dukatiq/Dukatiq/server/src/api/expense/category/expense.category.controller.js","statementMap":{"0":{"start":{"line":6,"column":22},"end":{"line":9,"column":null}},"1":{"start":{"line":7,"column":21},"end":{"line":7,"column":null}},"2":{"start":{"line":8,"column":4},"end":{"line":8,"column":null}},"3":{"start":{"line":10,"column":27},"end":{"line":13,"column":null}},"4":{"start":{"line":11,"column":20},"end":{"line":11,"column":null}},"5":{"start":{"line":12,"column":4},"end":{"line":12,"column":null}},"6":{"start":{"line":15,"column":30},"end":{"line":22,"column":null}},"7":{"start":{"line":16,"column":21},"end":{"line":16,"column":null}},"8":{"start":{"line":17,"column":4},"end":{"line":21,"column":null}},"9":{"start":{"line":24,"column":30},"end":{"line":31,"column":null}},"10":{"start":{"line":25,"column":21},"end":{"line":25,"column":null}},"11":{"start":{"line":26,"column":4},"end":{"line":30,"column":null}},"12":{"start":{"line":33,"column":30},"end":{"line":40,"column":null}},"13":{"start":{"line":34,"column":21},"end":{"line":34,"column":null}},"14":{"start":{"line":35,"column":4},"end":{"line":39,"column":null}}},"fnMap":{"0":{"name":"(anonymous_0)","decl":{"start":{"line":6,"column":22},"end":{"line":6,"column":27}},"loc":{"start":{"line":6,"column":42},"end":{"line":9,"column":null}},"line":6},"1":{"name":"(anonymous_1)","decl":{"start":{"line":10,"column":27},"end":{"line":10,"column":32}},"loc":{"start":{"line":10,"column":47},"end":{"line":13,"column":null}},"line":10},"2":{"name":"(anonymous_2)","decl":{"start":{"line":15,"column":30},"end":{"line":15,"column":35}},"loc":{"start":{"line":15,"column":50},"end":{"line":22,"column":null}},"line":15},"3":{"name":"(anonymous_3)","decl":{"start":{"line":24,"column":30},"end":{"line":24,"column":35}},"loc":{"start":{"line":24,"column":50},"end":{"line":31,"column":null}},"line":24},"4":{"name":"(anonymous_4)","decl":{"start":{"line":33,"column":30},"end":{"line":33,"column":35}},"loc":{"start":{"line":33,"column":50},"end":{"line":40,"column":null}},"line":33}},"branchMap":{},"s":{"0":3,"1":0,"2":0,"3":3,"4":0,"5":0,"6":3,"7":0,"8":0,"9":3,"10":0,"11":0,"12":3,"13":0,"14":0},"f":{"0":0,"1":0,"2":0,"3":0,"4":0},"b":{},"meta":{"lastBranch":0,"lastFunction":5,"lastStatement":15,"seen":{"s:6:22:9:Infinity":0,"f:6:22:6:27":0,"s:7:21:7:Infinity":1,"s:8:4:8:Infinity":2,"s:10:27:13:Infinity":3,"f:10:27:10:32":1,"s:11:20:11:Infinity":4,"s:12:4:12:Infinity":5,"s:15:30:22:Infinity":6,"f:15:30:15:35":2,"s:16:21:16:Infinity":7,"s:17:4:21:Infinity":8,"s:24:30:31:Infinity":9,"f:24:30:24:35":3,"s:25:21:25:Infinity":10,"s:26:4:30:Infinity":11,"s:33:30:40:Infinity":12,"f:33:30:33:35":4,"s:34:21:34:Infinity":13,"s:35:4:39:Infinity":14},"fnNames":{}}}
,"/home/runner/work/Dukatiq/Dukatiq/server/src/api/expense/category/expense.category.model.js": {"path":"/home/runner/work/Dukatiq/Dukatiq/server/src/api/expense/category/expense.category.model.js","statementMap":{"0":{"start":{"line":4,"column":31},"end":{"line":19,"column":null}}},"fnMap":{},"branchMap":{},"s":{"0":5},"f":{},"b":{},"meta":{"lastBranch":0,"lastFunction":0,"lastStatement":1,"seen":{"s:4:31:19:Infinity":0},"fnNames":{}}}
,"/home/runner/work/Dukatiq/Dukatiq/server/src/api/expense/category/expense.category.repository.js": {"path":"/home/runner/work/Dukatiq/Dukatiq/server/src/api/expense/category/expense.category.repository.js","statementMap":{"0":{"start":{"line":6,"column":8},"end":{"line":6,"column":null}},"1":{"start":{"line":11,"column":8},"end":{"line":11,"column":null}},"2":{"start":{"line":15,"column":8},"end":{"line":15,"column":null}},"3":{"start":{"line":19,"column":8},"end":{"line":19,"column":null}},"4":{"start":{"line":23,"column":25},"end":{"line":23,"column":70}},"5":{"start":{"line":24,"column":8},"end":{"line":26,"column":null}},"6":{"start":{"line":25,"column":12},"end":{"line":25,"column":null}},"7":{"start":{"line":27,"column":8},"end":{"line":27,"column":null}},"8":{"start":{"line":32,"column":24},"end":{"line":32,"column":null}},"9":{"start":{"line":33,"column":8},"end":{"line":33,"column":null}},"10":{"start":{"line":36,"column":8},"end":{"line":36,"column":null}}},"fnMap":{"0":{"name":"getAll","decl":{"start":{"line":5,"column":17},"end":{"line":5,"column":23}},"loc":{"start":{"line":5,"column":26},"end":{"line":7,"column":null}},"line":5},"1":{"name":"getById","decl":{"start":{"line":10,"column":17},"end":{"line":10,"column":24}},"loc":{"start":{"line":10,"column":29},"end":{"line":12,"column":null}},"line":10},"2":{"name":"getByName","decl":{"start":{"line":14,"column":17},"end":{"line":14,"column":26}},"loc":{"start":{"line":14,"column":51},"end":{"line":16,"column":null}},"line":14},"3":{"name":"create","decl":{"start":{"line":18,"column":17},"end":{"line":18,"column":23}},"loc":{"start":{"line":18,"column":50},"end":{"line":20,"column":null}},"line":18},"4":{"name":"findOrCreate","decl":{"start":{"line":22,"column":17},"end":{"line":22,"column":29}},"loc":{"start":{"line":22,"column":56},"end":{"line":28,"column":null}},"line":22},"5":{"name":"update","decl":{"start":{"line":31,"column":17},"end":{"line":31,"column":23}},"loc":{"start":{"line":31,"column":34},"end":{"line":34,"column":null}},"line":31},"6":{"name":"delete","decl":{"start":{"line":35,"column":17},"end":{"line":35,"column":23}},"loc":{"start":{"line":35,"column":28},"end":{"line":37,"column":null}},"line":35}},"branchMap":{"0":{"loc":{"start":{"line":14,"column":33},"end":{"line":14,"column":49}},"type":"default-arg","locations":[{"start":{"line":14,"column":45},"end":{"line":14,"column":49}}],"line":14},"1":{"loc":{"start":{"line":18,"column":30},"end":{"line":18,"column":48}},"type":"default-arg","locations":[{"start":{"line":18,"column":44},"end":{"line":18,"column":48}}],"line":18},"2":{"loc":{"start":{"line":22,"column":36},"end":{"line":22,"column":54}},"type":"default-arg","locations":[{"start":{"line":22,"column":50},"end":{"line":22,"column":54}}],"line":22},"3":{"loc":{"start":{"line":24,"column":8},"end":{"line":26,"column":null}},"type":"if","locations":[{"start":{"line":24,"column":8},"end":{"line":26,"column":null}},{"start":{},"end":{}}],"line":24}},"s":{"0":0,"1":0,"2":14,"3":17,"4":13,"5":13,"6":11,"7":2,"8":1,"9":1,"10":1},"f":{"0":5,"1":5,"2":5,"3":5,"4":5,"5":5,"6":5},"b":{"0":[14],"1":[17],"2":[13],"3":[11,2]},"meta":{"lastBranch":4,"lastFunction":7,"lastStatement":11,"seen":{"f:5:17:5:23":0,"s:6:8:6:Infinity":0,"f:10:17:10:24":1,"s:11:8:11:Infinity":1,"f:14:17:14:26":2,"b:14:45:14:49":0,"s:15:8:15:Infinity":2,"f:18:17:18:23":3,"b:18:44:18:48":1,"s:19:8:19:Infinity":3,"f:22:17:22:29":4,"b:22:50:22:54":2,"s:23:25:23:70":4,"b:24:8:26:Infinity:undefined:undefined:undefined:undefined":3,"s:24:8:26:Infinity":5,"s:25:12:25:Infinity":6,"s:27:8:27:Infinity":7,"f:31:17:31:23":5,"s:32:24:32:Infinity":8,"s:33:8:33:Infinity":9,"f:35:17:35:23":6,"s:36:8:36:Infinity":10},"fnNames":{}}}
,"/home/runner/work/Dukatiq/Dukatiq/server/src/api/expense/category/expense.category.route.js": {"path":"/home/runner/work/Dukatiq/Dukatiq/server/src/api/expense/category/expense.category.route.js","statementMap":{"0":{"start":{"line":4,"column":15},"end":{"line":4,"column":31}},"1":{"start":{"line":6,"column":0},"end":{"line":6,"column":null}},"2":{"start":{"line":7,"column":0},"end":{"line":7,"column":null}},"3":{"start":{"line":8,"column":0},"end":{"line":8,"column":null}},"4":{"start":{"line":9,"column":0},"end":{"line":9,"column":null}},"5":{"start":{"line":10,"column":0},"end":{"line":10,"column":null}}},"fnMap":{},"branchMap":{},"s":{"0":3,"1":3,"2":3,"3":3,"4":3,"5":3},"f":{},"b":{},"meta":{"lastBranch":0,"lastFunction":0,"lastStatement":6,"seen":{"s:4:15:4:31":0,"s:6:0:6:Infinity":1,"s:7:0:7:Infinity":2,"s:8:0:8:Infinity":3,"s:9:0:9:Infinity":4,"s:10:0:10:Infinity":5},"fnNames":{}}}
,"/home/runner/work/Dukatiq/Dukatiq/server/src/api/expense/category/expense.category.service.js": {"path":"/home/runner/work/Dukatiq/Dukatiq/server/src/api/expense/category/expense.category.service.js","statementMap":{"0":{"start":{"line":7,"column":8},"end":{"line":7,"column":null}},"1":{"start":{"line":11,"column":25},"end":{"line":11,"column":null}},"2":{"start":{"line":12,"column":8},"end":{"line":18,"column":null}},"3":{"start":{"line":13,"column":12},"end":{"line":17,"column":null}},"4":{"start":{"line":19,"column":8},"end":{"line":19,"column":null}},"5":{"start":{"line":22,"column":21},"end":{"line":22,"column":null}},"6":{"start":{"line":23,"column":28},"end":{"line":23,"column":81}},"7":{"start":{"line":24,"column":8},"end":{"line":31,"column":null}},"8":{"start":{"line":25,"column":12},"end":{"line":30,"column":null}},"9":{"start":{"line":32,"column":25},"end":{"line":32,"column":null}},"10":{"start":{"line":34,"column":8},"end":{"line":39,"column":null}},"11":{"start":{"line":42,"column":25},"end":{"line":42,"column":null}},"12":{"start":{"line":44,"column":21},"end":{"line":44,"column":null}},"13":{"start":{"line":46,"column":23},"end":{"line":46,"column":null}},"14":{"start":{"line":47,"column":8},"end":{"line":53,"column":null}},"15":{"start":{"line":48,"column":12},"end":{"line":52,"column":null}},"16":{"start":{"line":54,"column":8},"end":{"line":59,"column":null}},"17":{"start":{"line":63,"column":25},"end":{"line":63,"column":null}},"18":{"start":{"line":64,"column":8},"end":{"line":64,"column":null}},"19":{"start":{"line":65,"column":8},"end":{"line":70,"column":null}}},"fnMap":{"0":{"name":"findMany","decl":{"start":{"line":6,"column":17},"end":{"line":6,"column":25}},"loc":{"start":{"line":6,"column":28},"end":{"line":8,"column":null}},"line":6},"1":{"name":"findById","decl":{"start":{"line":10,"column":17},"end":{"line":10,"column":25}},"loc":{"start":{"line":10,"column":30},"end":{"line":20,"column":null}},"line":10},"2":{"name":"add","decl":{"start":{"line":21,"column":17},"end":{"line":21,"column":20}},"loc":{"start":{"line":21,"column":27},"end":{"line":40,"column":null}},"line":21},"3":{"name":"update","decl":{"start":{"line":41,"column":17},"end":{"line":41,"column":23}},"loc":{"start":{"line":41,"column":34},"end":{"line":60,"column":null}},"line":41},"4":{"name":"remove","decl":{"start":{"line":62,"column":17},"end":{"line":62,"column":23}},"loc":{"start":{"line":62,"column":28},"end":{"line":71,"column":null}},"line":62}},"branchMap":{"0":{"loc":{"start":{"line":12,"column":8},"end":{"line":18,"column":null}},"type":"if","locations":[{"start":{"line":12,"column":8},"end":{"line":18,"column":null}},{"start":{},"end":{}}],"line":12},"1":{"loc":{"start":{"line":24,"column":8},"end":{"line":31,"column":null}},"type":"if","locations":[{"start":{"line":24,"column":8},"end":{"line":31,"column":null}},{"start":{},"end":{}}],"line":24},"2":{"loc":{"start":{"line":47,"column":8},"end":{"line":53,"column":null}},"type":"if","locations":[{"start":{"line":47,"column":8},"end":{"line":53,"column":null}},{"start":{},"end":{}}],"line":47}},"s":{"0":0,"1":0,"2":0,"3":0,"4":0,"5":0,"6":0,"7":0,"8":0,"9":0,"10":0,"11":0,"12":0,"13":0,"14":0,"15":0,"16":0,"17":0,"18":0,"19":0},"f":{"0":3,"1":3,"2":3,"3":3,"4":3},"b":{"0":[0,0],"1":[0,0],"2":[0,0]},"meta":{"lastBranch":3,"lastFunction":5,"lastStatement":20,"seen":{"f:6:17:6:25":0,"s:7:8:7:Infinity":0,"f:10:17:10:25":1,"s:11:25:11:Infinity":1,"b:12:8:18:Infinity:undefined:undefined:undefined:undefined":0,"s:12:8:18:Infinity":2,"s:13:12:17:Infinity":3,"s:19:8:19:Infinity":4,"f:21:17:21:20":2,"s:22:21:22:Infinity":5,"s:23:28:23:81":6,"b:24:8:31:Infinity:undefined:undefined:undefined:undefined":1,"s:24:8:31:Infinity":7,"s:25:12:30:Infinity":8,"s:32:25:32:Infinity":9,"s:34:8:39:Infinity":10,"f:41:17:41:23":3,"s:42:25:42:Infinity":11,"s:44:21:44:Infinity":12,"s:46:23:46:Infinity":13,"b:47:8:53:Infinity:undefined:undefined:undefined:undefined":2,"s:47:8:53:Infinity":14,"s:48:12:52:Infinity":15,"s:54:8:59:Infinity":16,"f:62:17:62:23":4,"s:63:25:63:Infinity":17,"s:64:8:64:Infinity":18,"s:65:8:70:Infinity":19},"fnNames":{}}}
,"/home/runner/work/Dukatiq/Dukatiq/server/src/api/expense/category/expense.category.validator.js": {"path":"/home/runner/work/Dukatiq/Dukatiq/server/src/api/expense/category/expense.category.validator.js","statementMap":{"0":{"start":{"line":6,"column":24},"end":{"line":8,"column":null}},"1":{"start":{"line":11,"column":26},"end":{"line":11,"column":null}},"2":{"start":{"line":14,"column":26},"end":{"line":14,"column":null}},"3":{"start":{"line":17,"column":26},"end":{"line":21,"column":null}}},"fnMap":{},"branchMap":{},"s":{"0":3,"1":3,"2":3,"3":3},"f":{},"b":{},"meta":{"lastBranch":0,"lastFunction":0,"lastStatement":4,"seen":{"s:6:24:8:Infinity":0,"s:11:26:11:Infinity":1,"s:14:26:14:Infinity":2,"s:17:26:21:Infinity":3},"fnNames":{}}}
,"/home/runner/work/Dukatiq/Dukatiq/server/src/api/file/file.controller.js": {"path":"/home/runner/work/Dukatiq/Dukatiq/server/src/api/file/file.controller.js","statementMap":{"0":{"start":{"line":5,"column":23},"end":{"line":5,"column":null}},"1":{"start":{"line":8,"column":4},"end":{"line":10,"column":null}},"2":{"start":{"line":9,"column":8},"end":{"line":9,"column":null}},"3":{"start":{"line":12,"column":16},"end":{"line":12,"column":null}},"4":{"start":{"line":13,"column":16},"end":{"line":13,"column":null}},"5":{"start":{"line":15,"column":4},"end":{"line":19,"column":null}},"6":{"start":{"line":23,"column":24},"end":{"line":23,"column":null}},"7":{"start":{"line":25,"column":8},"end":{"line":27,"column":null}},"8":{"start":{"line":26,"column":12},"end":{"line":26,"column":null}},"9":{"start":{"line":29,"column":8},"end":{"line":29,"column":null}},"10":{"start":{"line":31,"column":8},"end":{"line":31,"column":null}},"11":{"start":{"line":35,"column":35},"end":{"line":35,"column":null}},"12":{"start":{"line":37,"column":8},"end":{"line":39,"column":null}},"13":{"start":{"line":38,"column":12},"end":{"line":38,"column":null}},"14":{"start":{"line":41,"column":20},"end":{"line":44,"column":null}},"15":{"start":{"line":46,"column":8},"end":{"line":49,"column":null}}},"fnMap":{"0":{"name":"uploadSingleFile","decl":{"start":{"line":7,"column":22},"end":{"line":7,"column":38}},"loc":{"start":{"line":7,"column":49},"end":{"line":20,"column":null}},"line":7},"1":{"name":"deleteSingleFile","decl":{"start":{"line":22,"column":22},"end":{"line":22,"column":38}},"loc":{"start":{"line":22,"column":49},"end":{"line":32,"column":null}},"line":22},"2":{"name":"getFileUrl","decl":{"start":{"line":34,"column":22},"end":{"line":34,"column":32}},"loc":{"start":{"line":34,"column":43},"end":{"line":51,"column":null}},"line":34}},"branchMap":{"0":{"loc":{"start":{"line":8,"column":4},"end":{"line":10,"column":null}},"type":"if","locations":[{"start":{"line":8,"column":4},"end":{"line":10,"column":null}},{"start":{},"end":{}}],"line":8},"1":{"loc":{"start":{"line":25,"column":8},"end":{"line":27,"column":null}},"type":"if","locations":[{"start":{"line":25,"column":8},"end":{"line":27,"column":null}},{"start":{},"end":{}}],"line":25},"2":{"loc":{"start":{"line":37,"column":8},"end":{"line":39,"column":null}},"type":"if","locations":[{"start":{"line":37,"column":8},"end":{"line":39,"column":null}},{"start":{},"end":{}}],"line":37},"3":{"loc":{"start":{"line":43,"column":12},"end":{"line":43,"column":null}},"type":"cond-expr","locations":[{"start":{"line":43,"column":24},"end":{"line":43,"column":41}},{"start":{"line":43,"column":44},"end":{"line":43,"column":null}}],"line":43},"4":{"loc":{"start":{"line":48,"column":24},"end":{"line":48,"column":51}},"type":"binary-expr","locations":[{"start":{"line":48,"column":24},"end":{"line":48,"column":33}},{"start":{"line":48,"column":37},"end":{"line":48,"column":51}}],"line":48}},"s":{"0":3,"1":0,"2":0,"3":0,"4":0,"5":0,"6":0,"7":0,"8":0,"9":0,"10":0,"11":0,"12":0,"13":0,"14":0,"15":0},"f":{"0":0,"1":0,"2":0},"b":{"0":[0,0],"1":[0,0],"2":[0,0],"3":[0,0],"4":[0,0]},"meta":{"lastBranch":5,"lastFunction":3,"lastStatement":16,"seen":{"s:5:23:5:Infinity":0,"f:7:22:7:38":0,"b:8:4:10:Infinity:undefined:undefined:undefined:undefined":0,"s:8:4:10:Infinity":1,"s:9:8:9:Infinity":2,"s:12:16:12:Infinity":3,"s:13:16:13:Infinity":4,"s:15:4:19:Infinity":5,"f:22:22:22:38":1,"s:23:24:23:Infinity":6,"b:25:8:27:Infinity:undefined:undefined:undefined:undefined":1,"s:25:8:27:Infinity":7,"s:26:12:26:Infinity":8,"s:29:8:29:Infinity":9,"s:31:8:31:Infinity":10,"f:34:22:34:32":2,"s:35:35:35:Infinity":11,"b:37:8:39:Infinity:undefined:undefined:undefined:undefined":2,"s:37:8:39:Infinity":12,"s:38:12:38:Infinity":13,"s:41:20:44:Infinity":14,"b:43:24:43:41:43:44:43:Infinity":3,"s:46:8:49:Infinity":15,"b:48:24:48:33:48:37:48:51":4},"fnNames":{}}}
,"/home/runner/work/Dukatiq/Dukatiq/server/src/api/file/file.route.js": {"path":"/home/runner/work/Dukatiq/Dukatiq/server/src/api/file/file.route.js","statementMap":{"0":{"start":{"line":5,"column":15},"end":{"line":5,"column":null}},"1":{"start":{"line":7,"column":0},"end":{"line":14,"column":null}},"2":{"start":{"line":16,"column":0},"end":{"line":16,"column":null}},"3":{"start":{"line":18,"column":0},"end":{"line":18,"column":null}}},"fnMap":{},"branchMap":{},"s":{"0":3,"1":3,"2":3,"3":3},"f":{},"b":{},"meta":{"lastBranch":0,"lastFunction":0,"lastStatement":4,"seen":{"s:5:15:5:Infinity":0,"s:7:0:14:Infinity":1,"s:16:0:16:Infinity":2,"s:18:0:18:Infinity":3},"fnNames":{}}}
,"/home/runner/work/Dukatiq/Dukatiq/server/src/api/file/file.service.js": {"path":"/home/runner/work/Dukatiq/Dukatiq/server/src/api/file/file.service.js","statementMap":{"0":{"start":{"line":13,"column":8},"end":{"line":15,"column":null}},"1":{"start":{"line":14,"column":12},"end":{"line":14,"column":null}},"2":{"start":{"line":17,"column":8},"end":{"line":19,"column":null}},"3":{"start":{"line":18,"column":12},"end":{"line":18,"column":null}},"4":{"start":{"line":21,"column":20},"end":{"line":21,"column":null}},"5":{"start":{"line":23,"column":8},"end":{"line":31,"column":null}},"6":{"start":{"line":33,"column":8},"end":{"line":33,"column":null}},"7":{"start":{"line":36,"column":8},"end":{"line":36,"column":null}},"8":{"start":{"line":36,"column":18},"end":{"line":36,"column":null}},"9":{"start":{"line":38,"column":8},"end":{"line":43,"column":null}},"10":{"start":{"line":45,"column":8},"end":{"line":45,"column":null}},"11":{"start":{"line":49,"column":8},"end":{"line":49,"column":null}},"12":{"start":{"line":49,"column":18},"end":{"line":49,"column":null}},"13":{"start":{"line":51,"column":24},"end":{"line":54,"column":null}},"14":{"start":{"line":56,"column":26},"end":{"line":58,"column":null}},"15":{"start":{"line":60,"column":8},"end":{"line":60,"column":null}}},"fnMap":{"0":{"name":"upload","decl":{"start":{"line":12,"column":17},"end":{"line":12,"column":23}},"loc":{"start":{"line":12,"column":64},"end":{"line":34,"column":null}},"line":12},"1":{"name":"deleteFile","decl":{"start":{"line":35,"column":17},"end":{"line":35,"column":27}},"loc":{"start":{"line":35,"column":33},"end":{"line":46,"column":null}},"line":35},"2":{"name":"getSignedFileUrl","decl":{"start":{"line":48,"column":17},"end":{"line":48,"column":33}},"loc":{"start":{"line":48,"column":82},"end":{"line":61,"column":null}},"line":48}},"branchMap":{"0":{"loc":{"start":{"line":12,"column":30},"end":{"line":12,"column":62}},"type":"default-arg","locations":[{"start":{"line":12,"column":39},"end":{"line":12,"column":62}}],"line":12},"1":{"loc":{"start":{"line":13,"column":8},"end":{"line":15,"column":null}},"type":"if","locations":[{"start":{"line":13,"column":8},"end":{"line":15,"column":null}},{"start":{},"end":{}}],"line":13},"2":{"loc":{"start":{"line":13,"column":12},"end":{"line":13,"column":33}},"type":"binary-expr","locations":[{"start":{"line":13,"column":12},"end":{"line":13,"column":17}},{"start":{"line":13,"column":21},"end":{"line":13,"column":33}}],"line":13},"3":{"loc":{"start":{"line":17,"column":8},"end":{"line":19,"column":null}},"type":"if","locations":[{"start":{"line":17,"column":8},"end":{"line":19,"column":null}},{"start":{},"end":{}}],"line":17},"4":{"loc":{"start":{"line":36,"column":8},"end":{"line":36,"column":null}},"type":"if","locations":[{"start":{"line":36,"column":8},"end":{"line":36,"column":null}},{"start":{},"end":{}}],"line":36},"5":{"loc":{"start":{"line":48,"column":39},"end":{"line":48,"column":80}},"type":"default-arg","locations":[{"start":{"line":48,"column":51},"end":{"line":48,"column":80}}],"line":48},"6":{"loc":{"start":{"line":49,"column":8},"end":{"line":49,"column":null}},"type":"if","locations":[{"start":{"line":49,"column":8},"end":{"line":49,"column":null}},{"start":{},"end":{}}],"line":49}},"s":{"0":0,"1":0,"2":0,"3":0,"4":0,"5":0,"6":0,"7":0,"8":0,"9":0,"10":0,"11":0,"12":0,"13":0,"14":0,"15":0},"f":{"0":3,"1":3,"2":3},"b":{"0":[0],"1":[0,0],"2":[0,0],"3":[0,0],"4":[0,0],"5":[0],"6":[0,0]},"meta":{"lastBranch":7,"lastFunction":3,"lastStatement":16,"seen":{"f:12:17:12:23":0,"b:12:39:12:62":0,"b:13:8:15:Infinity:undefined:undefined:undefined:undefined":1,"s:13:8:15:Infinity":0,"b:13:12:13:17:13:21:13:33":2,"s:14:12:14:Infinity":1,"b:17:8:19:Infinity:undefined:undefined:undefined:undefined":3,"s:17:8:19:Infinity":2,"s:18:12:18:Infinity":3,"s:21:20:21:Infinity":4,"s:23:8:31:Infinity":5,"s:33:8:33:Infinity":6,"f:35:17:35:27":1,"b:36:8:36:Infinity:undefined:undefined:undefined:undefined":4,"s:36:8:36:Infinity":7,"s:36:18:36:Infinity":8,"s:38:8:43:Infinity":9,"s:45:8:45:Infinity":10,"f:48:17:48:33":2,"b:48:51:48:80":5,"b:49:8:49:Infinity:undefined:undefined:undefined:undefined":6,"s:49:8:49:Infinity":11,"s:49:18:49:Infinity":12,"s:51:24:54:Infinity":13,"s:56:26:58:Infinity":14,"s:60:8:60:Infinity":15},"fnNames":{}}}
,"/home/runner/work/Dukatiq/Dukatiq/server/src/api/inventory/inventory.model.js": {"path":"/home/runner/work/Dukatiq/Dukatiq/server/src/api/inventory/inventory.model.js","statementMap":{"0":{"start":{"line":5,"column":25},"end":{"line":31,"column":null}},"1":{"start":{"line":34,"column":0},"end":{"line":34,"column":null}},"2":{"start":{"line":35,"column":0},"end":{"line":35,"column":null}}},"fnMap":{},"branchMap":{},"s":{"0":0,"1":0,"2":0},"f":{},"b":{},"meta":{"lastBranch":0,"lastFunction":0,"lastStatement":3,"seen":{"s:5:25:31:Infinity":0,"s:34:0:34:Infinity":1,"s:35:0:35:Infinity":2},"fnNames":{}}}
,"/home/runner/work/Dukatiq/Dukatiq/server/src/api/inventory/product.category.controller.js": {"path":"/home/runner/work/Dukatiq/Dukatiq/server/src/api/inventory/product.category.controller.js","statementMap":{"0":{"start":{"line":6,"column":22},"end":{"line":9,"column":null}},"1":{"start":{"line":7,"column":21},"end":{"line":7,"column":null}},"2":{"start":{"line":8,"column":4},"end":{"line":8,"column":null}},"3":{"start":{"line":10,"column":27},"end":{"line":13,"column":null}},"4":{"start":{"line":11,"column":20},"end":{"line":11,"column":null}},"5":{"start":{"line":12,"column":4},"end":{"line":12,"column":null}},"6":{"start":{"line":15,"column":30},"end":{"line":22,"column":null}},"7":{"start":{"line":16,"column":21},"end":{"line":16,"column":null}},"8":{"start":{"line":17,"column":4},"end":{"line":21,"column":null}},"9":{"start":{"line":24,"column":30},"end":{"line":31,"column":null}},"10":{"start":{"line":25,"column":21},"end":{"line":25,"column":null}},"11":{"start":{"line":26,"column":4},"end":{"line":30,"column":null}},"12":{"start":{"line":33,"column":30},"end":{"line":40,"column":null}},"13":{"start":{"line":34,"column":21},"end":{"line":34,"column":null}},"14":{"start":{"line":35,"column":4},"end":{"line":39,"column":null}}},"fnMap":{"0":{"name":"(anonymous_0)","decl":{"start":{"line":6,"column":22},"end":{"line":6,"column":27}},"loc":{"start":{"line":6,"column":42},"end":{"line":9,"column":null}},"line":6},"1":{"name":"(anonymous_1)","decl":{"start":{"line":10,"column":27},"end":{"line":10,"column":32}},"loc":{"start":{"line":10,"column":47},"end":{"line":13,"column":null}},"line":10},"2":{"name":"(anonymous_2)","decl":{"start":{"line":15,"column":30},"end":{"line":15,"column":35}},"loc":{"start":{"line":15,"column":50},"end":{"line":22,"column":null}},"line":15},"3":{"name":"(anonymous_3)","decl":{"start":{"line":24,"column":30},"end":{"line":24,"column":35}},"loc":{"start":{"line":24,"column":50},"end":{"line":31,"column":null}},"line":24},"4":{"name":"(anonymous_4)","decl":{"start":{"line":33,"column":30},"end":{"line":33,"column":35}},"loc":{"start":{"line":33,"column":50},"end":{"line":40,"column":null}},"line":33}},"branchMap":{},"s":{"0":0,"1":0,"2":0,"3":0,"4":0,"5":0,"6":0,"7":0,"8":0,"9":0,"10":0,"11":0,"12":0,"13":0,"14":0},"f":{"0":0,"1":0,"2":0,"3":0,"4":0},"b":{},"meta":{"lastBranch":0,"lastFunction":5,"lastStatement":15,"seen":{"s:6:22:9:Infinity":0,"f:6:22:6:27":0,"s:7:21:7:Infinity":1,"s:8:4:8:Infinity":2,"s:10:27:13:Infinity":3,"f:10:27:10:32":1,"s:11:20:11:Infinity":4,"s:12:4:12:Infinity":5,"s:15:30:22:Infinity":6,"f:15:30:15:35":2,"s:16:21:16:Infinity":7,"s:17:4:21:Infinity":8,"s:24:30:31:Infinity":9,"f:24:30:24:35":3,"s:25:21:25:Infinity":10,"s:26:4:30:Infinity":11,"s:33:30:40:Infinity":12,"f:33:30:33:35":4,"s:34:21:34:Infinity":13,"s:35:4:39:Infinity":14},"fnNames":{}}}
,"/home/runner/work/Dukatiq/Dukatiq/server/src/api/inventory/product.category.repository.js": {"path":"/home/runner/work/Dukatiq/Dukatiq/server/src/api/inventory/product.category.repository.js","statementMap":{"0":{"start":{"line":6,"column":8},"end":{"line":6,"column":null}},"1":{"start":{"line":11,"column":8},"end":{"line":11,"column":null}},"2":{"start":{"line":15,"column":8},"end":{"line":15,"column":null}},"3":{"start":{"line":19,"column":8},"end":{"line":19,"column":null}},"4":{"start":{"line":23,"column":25},"end":{"line":23,"column":70}},"5":{"start":{"line":24,"column":8},"end":{"line":26,"column":null}},"6":{"start":{"line":25,"column":12},"end":{"line":25,"column":null}},"7":{"start":{"line":27,"column":8},"end":{"line":27,"column":null}},"8":{"start":{"line":32,"column":24},"end":{"line":32,"column":null}},"9":{"start":{"line":33,"column":8},"end":{"line":33,"column":null}},"10":{"start":{"line":36,"column":8},"end":{"line":36,"column":null}}},"fnMap":{"0":{"name":"getAll","decl":{"start":{"line":5,"column":17},"end":{"line":5,"column":23}},"loc":{"start":{"line":5,"column":26},"end":{"line":7,"column":null}},"line":5},"1":{"name":"getById","decl":{"start":{"line":10,"column":17},"end":{"line":10,"column":24}},"loc":{"start":{"line":10,"column":29},"end":{"line":12,"column":null}},"line":10},"2":{"name":"getByName","decl":{"start":{"line":14,"column":17},"end":{"line":14,"column":26}},"loc":{"start":{"line":14,"column":51},"end":{"line":16,"column":null}},"line":14},"3":{"name":"create","decl":{"start":{"line":18,"column":17},"end":{"line":18,"column":23}},"loc":{"start":{"line":18,"column":50},"end":{"line":20,"column":null}},"line":18},"4":{"name":"findOrCreate","decl":{"start":{"line":22,"column":17},"end":{"line":22,"column":29}},"loc":{"start":{"line":22,"column":56},"end":{"line":28,"column":null}},"line":22},"5":{"name":"update","decl":{"start":{"line":31,"column":17},"end":{"line":31,"column":23}},"loc":{"start":{"line":31,"column":34},"end":{"line":34,"column":null}},"line":31},"6":{"name":"delete","decl":{"start":{"line":35,"column":17},"end":{"line":35,"column":23}},"loc":{"start":{"line":35,"column":28},"end":{"line":37,"column":null}},"line":35}},"branchMap":{"0":{"loc":{"start":{"line":14,"column":33},"end":{"line":14,"column":49}},"type":"default-arg","locations":[{"start":{"line":14,"column":45},"end":{"line":14,"column":49}}],"line":14},"1":{"loc":{"start":{"line":18,"column":30},"end":{"line":18,"column":48}},"type":"default-arg","locations":[{"start":{"line":18,"column":44},"end":{"line":18,"column":48}}],"line":18},"2":{"loc":{"start":{"line":22,"column":36},"end":{"line":22,"column":54}},"type":"default-arg","locations":[{"start":{"line":22,"column":50},"end":{"line":22,"column":54}}],"line":22},"3":{"loc":{"start":{"line":24,"column":8},"end":{"line":26,"column":null}},"type":"if","locations":[{"start":{"line":24,"column":8},"end":{"line":26,"column":null}},{"start":{},"end":{}}],"line":24}},"s":{"0":0,"1":0,"2":0,"3":0,"4":0,"5":0,"6":0,"7":0,"8":0,"9":0,"10":0},"f":{"0":0,"1":0,"2":0,"3":0,"4":0,"5":0,"6":0},"b":{"0":[0],"1":[0],"2":[0],"3":[0,0]},"meta":{"lastBranch":4,"lastFunction":7,"lastStatement":11,"seen":{"f:5:17:5:23":0,"s:6:8:6:Infinity":0,"f:10:17:10:24":1,"s:11:8:11:Infinity":1,"f:14:17:14:26":2,"b:14:45:14:49":0,"s:15:8:15:Infinity":2,"f:18:17:18:23":3,"b:18:44:18:48":1,"s:19:8:19:Infinity":3,"f:22:17:22:29":4,"b:22:50:22:54":2,"s:23:25:23:70":4,"b:24:8:26:Infinity:undefined:undefined:undefined:undefined":3,"s:24:8:26:Infinity":5,"s:25:12:25:Infinity":6,"s:27:8:27:Infinity":7,"f:31:17:31:23":5,"s:32:24:32:Infinity":8,"s:33:8:33:Infinity":9,"f:35:17:35:23":6,"s:36:8:36:Infinity":10},"fnNames":{}}}
,"/home/runner/work/Dukatiq/Dukatiq/server/src/api/inventory/product.category.route.js": {"path":"/home/runner/work/Dukatiq/Dukatiq/server/src/api/inventory/product.category.route.js","statementMap":{"0":{"start":{"line":4,"column":15},"end":{"line":4,"column":31}},"1":{"start":{"line":6,"column":0},"end":{"line":6,"column":null}},"2":{"start":{"line":7,"column":0},"end":{"line":7,"column":null}},"3":{"start":{"line":8,"column":0},"end":{"line":8,"column":null}},"4":{"start":{"line":9,"column":0},"end":{"line":9,"column":null}},"5":{"start":{"line":10,"column":0},"end":{"line":10,"column":null}}},"fnMap":{},"branchMap":{},"s":{"0":0,"1":0,"2":0,"3":0,"4":0,"5":0},"f":{},"b":{},"meta":{"lastBranch":0,"lastFunction":0,"lastStatement":6,"seen":{"s:4:15:4:31":0,"s:6:0:6:Infinity":1,"s:7:0:7:Infinity":2,"s:8:0:8:Infinity":3,"s:9:0:9:Infinity":4,"s:10:0:10:Infinity":5},"fnNames":{}}}
,"/home/runner/work/Dukatiq/Dukatiq/server/src/api/inventory/product.category.service.js": {"path":"/home/runner/work/Dukatiq/Dukatiq/server/src/api/inventory/product.category.service.js","statementMap":{"0":{"start":{"line":7,"column":8},"end":{"line":7,"column":null}},"1":{"start":{"line":11,"column":25},"end":{"line":11,"column":null}},"2":{"start":{"line":12,"column":8},"end":{"line":18,"column":null}},"3":{"start":{"line":13,"column":12},"end":{"line":17,"column":null}},"4":{"start":{"line":19,"column":8},"end":{"line":19,"column":null}},"5":{"start":{"line":22,"column":21},"end":{"line":22,"column":null}},"6":{"start":{"line":23,"column":28},"end":{"line":23,"column":81}},"7":{"start":{"line":24,"column":8},"end":{"line":31,"column":null}},"8":{"start":{"line":25,"column":12},"end":{"line":30,"column":null}},"9":{"start":{"line":32,"column":25},"end":{"line":32,"column":null}},"10":{"start":{"line":34,"column":8},"end":{"line":39,"column":null}},"11":{"start":{"line":42,"column":25},"end":{"line":42,"column":null}},"12":{"start":{"line":44,"column":21},"end":{"line":44,"column":null}},"13":{"start":{"line":46,"column":23},"end":{"line":46,"column":null}},"14":{"start":{"line":47,"column":8},"end":{"line":53,"column":null}},"15":{"start":{"line":48,"column":12},"end":{"line":52,"column":null}},"16":{"start":{"line":54,"column":8},"end":{"line":59,"column":null}},"17":{"start":{"line":63,"column":25},"end":{"line":63,"column":null}},"18":{"start":{"line":64,"column":8},"end":{"line":64,"column":null}},"19":{"start":{"line":65,"column":8},"end":{"line":70,"column":null}}},"fnMap":{"0":{"name":"findMany","decl":{"start":{"line":6,"column":17},"end":{"line":6,"column":25}},"loc":{"start":{"line":6,"column":28},"end":{"line":8,"column":null}},"line":6},"1":{"name":"findById","decl":{"start":{"line":10,"column":17},"end":{"line":10,"column":25}},"loc":{"start":{"line":10,"column":30},"end":{"line":20,"column":null}},"line":10},"2":{"name":"add","decl":{"start":{"line":21,"column":17},"end":{"line":21,"column":20}},"loc":{"start":{"line":21,"column":27},"end":{"line":40,"column":null}},"line":21},"3":{"name":"update","decl":{"start":{"line":41,"column":17},"end":{"line":41,"column":23}},"loc":{"start":{"line":41,"column":34},"end":{"line":60,"column":null}},"line":41},"4":{"name":"remove","decl":{"start":{"line":62,"column":17},"end":{"line":62,"column":23}},"loc":{"start":{"line":62,"column":28},"end":{"line":71,"column":null}},"line":62}},"branchMap":{"0":{"loc":{"start":{"line":12,"column":8},"end":{"line":18,"column":null}},"type":"if","locations":[{"start":{"line":12,"column":8},"end":{"line":18,"column":null}},{"start":{},"end":{}}],"line":12},"1":{"loc":{"start":{"line":24,"column":8},"end":{"line":31,"column":null}},"type":"if","locations":[{"start":{"line":24,"column":8},"end":{"line":31,"column":null}},{"start":{},"end":{}}],"line":24},"2":{"loc":{"start":{"line":47,"column":8},"end":{"line":53,"column":null}},"type":"if","locations":[{"start":{"line":47,"column":8},"end":{"line":53,"column":null}},{"start":{},"end":{}}],"line":47}},"s":{"0":0,"1":0,"2":0,"3":0,"4":0,"5":0,"6":0,"7":0,"8":0,"9":0,"10":0,"11":0,"12":0,"13":0,"14":0,"15":0,"16":0,"17":0,"18":0,"19":0},"f":{"0":0,"1":0,"2":0,"3":0,"4":0},"b":{"0":[0,0],"1":[0,0],"2":[0,0]},"meta":{"lastBranch":3,"lastFunction":5,"lastStatement":20,"seen":{"f:6:17:6:25":0,"s:7:8:7:Infinity":0,"f:10:17:10:25":1,"s:11:25:11:Infinity":1,"b:12:8:18:Infinity:undefined:undefined:undefined:undefined":0,"s:12:8:18:Infinity":2,"s:13:12:17:Infinity":3,"s:19:8:19:Infinity":4,"f:21:17:21:20":2,"s:22:21:22:Infinity":5,"s:23:28:23:81":6,"b:24:8:31:Infinity:undefined:undefined:undefined:undefined":1,"s:24:8:31:Infinity":7,"s:25:12:30:Infinity":8,"s:32:25:32:Infinity":9,"s:34:8:39:Infinity":10,"f:41:17:41:23":3,"s:42:25:42:Infinity":11,"s:44:21:44:Infinity":12,"s:46:23:46:Infinity":13,"b:47:8:53:Infinity:undefined:undefined:undefined:undefined":2,"s:47:8:53:Infinity":14,"s:48:12:52:Infinity":15,"s:54:8:59:Infinity":16,"f:62:17:62:23":4,"s:63:25:63:Infinity":17,"s:64:8:64:Infinity":18,"s:65:8:70:Infinity":19},"fnNames":{}}}
,"/home/runner/work/Dukatiq/Dukatiq/server/src/api/inventory/product.category.validator.js": {"path":"/home/runner/work/Dukatiq/Dukatiq/server/src/api/inventory/product.category.validator.js","statementMap":{"0":{"start":{"line":6,"column":24},"end":{"line":8,"column":null}},"1":{"start":{"line":11,"column":26},"end":{"line":11,"column":null}},"2":{"start":{"line":14,"column":26},"end":{"line":14,"column":null}},"3":{"start":{"line":17,"column":26},"end":{"line":22,"column":null}}},"fnMap":{},"branchMap":{},"s":{"0":0,"1":0,"2":0,"3":0},"f":{},"b":{},"meta":{"lastBranch":0,"lastFunction":0,"lastStatement":4,"seen":{"s:6:24:8:Infinity":0,"s:11:26:11:Infinity":1,"s:14:26:14:Infinity":2,"s:17:26:22:Infinity":3},"fnNames":{}}}
,"/home/runner/work/Dukatiq/Dukatiq/server/src/api/product/product.controller.js": {"path":"/home/runner/work/Dukatiq/Dukatiq/server/src/api/product/product.controller.js","statementMap":{"0":{"start":{"line":5,"column":30},"end":{"line":8,"column":null}},"1":{"start":{"line":6,"column":21},"end":{"line":6,"column":null}},"2":{"start":{"line":7,"column":4},"end":{"line":7,"column":null}},"3":{"start":{"line":9,"column":26},"end":{"line":12,"column":null}},"4":{"start":{"line":10,"column":20},"end":{"line":10,"column":null}},"5":{"start":{"line":11,"column":4},"end":{"line":11,"column":null}},"6":{"start":{"line":14,"column":29},"end":{"line":28,"column":null}},"7":{"start":{"line":15,"column":14},"end":{"line":15,"column":null}},"8":{"start":{"line":16,"column":4},"end":{"line":27,"column":null}},"9":{"start":{"line":17,"column":25},"end":{"line":17,"column":null}},"10":{"start":{"line":18,"column":8},"end":{"line":18,"column":null}},"11":{"start":{"line":19,"column":8},"end":{"line":23,"column":null}},"12":{"start":{"line":25,"column":8},"end":{"line":25,"column":null}},"13":{"start":{"line":26,"column":8},"end":{"line":26,"column":null}},"14":{"start":{"line":30,"column":29},"end":{"line":37,"column":null}},"15":{"start":{"line":31,"column":21},"end":{"line":31,"column":null}},"16":{"start":{"line":32,"column":4},"end":{"line":36,"column":null}},"17":{"start":{"line":39,"column":29},"end":{"line":46,"column":null}},"18":{"start":{"line":40,"column":21},"end":{"line":40,"column":null}},"19":{"start":{"line":41,"column":4},"end":{"line":45,"column":null}}},"fnMap":{"0":{"name":"(anonymous_0)","decl":{"start":{"line":5,"column":30},"end":{"line":5,"column":35}},"loc":{"start":{"line":5,"column":50},"end":{"line":8,"column":null}},"line":5},"1":{"name":"(anonymous_1)","decl":{"start":{"line":9,"column":26},"end":{"line":9,"column":31}},"loc":{"start":{"line":9,"column":46},"end":{"line":12,"column":null}},"line":9},"2":{"name":"(anonymous_2)","decl":{"start":{"line":14,"column":29},"end":{"line":14,"column":34}},"loc":{"start":{"line":14,"column":49},"end":{"line":28,"column":null}},"line":14},"3":{"name":"(anonymous_3)","decl":{"start":{"line":30,"column":29},"end":{"line":30,"column":34}},"loc":{"start":{"line":30,"column":49},"end":{"line":37,"column":null}},"line":30},"4":{"name":"(anonymous_4)","decl":{"start":{"line":39,"column":29},"end":{"line":39,"column":34}},"loc":{"start":{"line":39,"column":49},"end":{"line":46,"column":null}},"line":39}},"branchMap":{},"s":{"0":3,"1":0,"2":0,"3":3,"4":0,"5":0,"6":3,"7":0,"8":0,"9":0,"10":0,"11":0,"12":0,"13":0,"14":3,"15":0,"16":0,"17":3,"18":0,"19":0},"f":{"0":0,"1":0,"2":0,"3":0,"4":0},"b":{},"meta":{"lastBranch":0,"lastFunction":5,"lastStatement":20,"seen":{"s:5:30:8:Infinity":0,"f:5:30:5:35":0,"s:6:21:6:Infinity":1,"s:7:4:7:Infinity":2,"s:9:26:12:Infinity":3,"f:9:26:9:31":1,"s:10:20:10:Infinity":4,"s:11:4:11:Infinity":5,"s:14:29:28:Infinity":6,"f:14:29:14:34":2,"s:15:14:15:Infinity":7,"s:16:4:27:Infinity":8,"s:17:25:17:Infinity":9,"s:18:8:18:Infinity":10,"s:19:8:23:Infinity":11,"s:25:8:25:Infinity":12,"s:26:8:26:Infinity":13,"s:30:29:37:Infinity":14,"f:30:29:30:34":3,"s:31:21:31:Infinity":15,"s:32:4:36:Infinity":16,"s:39:29:46:Infinity":17,"f:39:29:39:34":4,"s:40:21:40:Infinity":18,"s:41:4:45:Infinity":19},"fnNames":{}}}
,"/home/runner/work/Dukatiq/Dukatiq/server/src/api/product/product.model.js": {"path":"/home/runner/work/Dukatiq/Dukatiq/server/src/api/product/product.model.js","statementMap":{"0":{"start":{"line":5,"column":23},"end":{"line":35,"column":null}},"1":{"start":{"line":38,"column":0},"end":{"line":38,"column":null}},"2":{"start":{"line":39,"column":0},"end":{"line":39,"column":null}}},"fnMap":{},"branchMap":{},"s":{"0":4,"1":4,"2":4},"f":{},"b":{},"meta":{"lastBranch":0,"lastFunction":0,"lastStatement":3,"seen":{"s:5:23:35:Infinity":0,"s:38:0:38:Infinity":1,"s:39:0:39:Infinity":2},"fnNames":{}}}
,"/home/runner/work/Dukatiq/Dukatiq/server/src/api/product/product.repository.js": {"path":"/home/runner/work/Dukatiq/Dukatiq/server/src/api/product/product.repository.js","statementMap":{"0":{"start":{"line":9,"column":8},"end":{"line":9,"column":null}},"1":{"start":{"line":14,"column":8},"end":{"line":14,"column":null}},"2":{"start":{"line":19,"column":25},"end":{"line":21,"column":null}},"3":{"start":{"line":22,"column":8},"end":{"line":28,"column":null}},"4":{"start":{"line":33,"column":24},"end":{"line":33,"column":null}},"5":{"start":{"line":34,"column":8},"end":{"line":34,"column":null}},"6":{"start":{"line":37,"column":8},"end":{"line":37,"column":null}},"7":{"start":{"line":42,"column":24},"end":{"line":42,"column":null}},"8":{"start":{"line":43,"column":8},"end":{"line":43,"column":null}},"9":{"start":{"line":43,"column":22},"end":{"line":43,"column":null}},"10":{"start":{"line":45,"column":25},"end":{"line":45,"column":null}},"11":{"start":{"line":48,"column":8},"end":{"line":51,"column":null}},"12":{"start":{"line":54,"column":8},"end":{"line":63,"column":null}},"13":{"start":{"line":65,"column":8},"end":{"line":65,"column":null}},"14":{"start":{"line":70,"column":20},"end":{"line":85,"column":null}},"15":{"start":{"line":86,"column":8},"end":{"line":86,"column":null}},"16":{"start":{"line":91,"column":20},"end":{"line":110,"column":null}},"17":{"start":{"line":111,"column":8},"end":{"line":111,"column":null}},"18":{"start":{"line":116,"column":20},"end":{"line":139,"column":null}},"19":{"start":{"line":140,"column":8},"end":{"line":140,"column":null}},"20":{"start":{"line":144,"column":21},"end":{"line":157,"column":null}},"21":{"start":{"line":158,"column":8},"end":{"line":158,"column":null}}},"fnMap":{"0":{"name":"getAll","decl":{"start":{"line":8,"column":17},"end":{"line":8,"column":23}},"loc":{"start":{"line":8,"column":26},"end":{"line":10,"column":null}},"line":8},"1":{"name":"getById","decl":{"start":{"line":13,"column":17},"end":{"line":13,"column":24}},"loc":{"start":{"line":13,"column":29},"end":{"line":15,"column":null}},"line":13},"2":{"name":"create","decl":{"start":{"line":18,"column":17},"end":{"line":18,"column":23}},"loc":{"start":{"line":18,"column":50},"end":{"line":29,"column":null}},"line":18},"3":{"name":"update","decl":{"start":{"line":32,"column":17},"end":{"line":32,"column":23}},"loc":{"start":{"line":32,"column":34},"end":{"line":35,"column":null}},"line":32},"4":{"name":"delete","decl":{"start":{"line":36,"column":17},"end":{"line":36,"column":23}},"loc":{"start":{"line":36,"column":28},"end":{"line":38,"column":null}},"line":36},"5":{"name":"updateStock","decl":{"start":{"line":41,"column":17},"end":{"line":41,"column":28}},"loc":{"start":{"line":41,"column":70},"end":{"line":66,"column":null}},"line":41},"6":{"name":"getRestockNeeded","decl":{"start":{"line":69,"column":17},"end":{"line":69,"column":33}},"loc":{"start":{"line":69,"column":36},"end":{"line":87,"column":null}},"line":69},"7":{"name":"getProfitLeaders","decl":{"start":{"line":90,"column":17},"end":{"line":90,"column":33}},"loc":{"start":{"line":90,"column":54},"end":{"line":112,"column":null}},"line":90},"8":{"name":"getLossLeaders","decl":{"start":{"line":115,"column":17},"end":{"line":115,"column":31}},"loc":{"start":{"line":115,"column":34},"end":{"line":141,"column":null}},"line":115},"9":{"name":"getCategoryBreakdown","decl":{"start":{"line":143,"column":11},"end":{"line":143,"column":31}},"loc":{"start":{"line":143,"column":52},"end":{"line":159,"column":null}},"line":143}},"branchMap":{"0":{"loc":{"start":{"line":18,"column":30},"end":{"line":18,"column":48}},"type":"default-arg","locations":[{"start":{"line":18,"column":44},"end":{"line":18,"column":48}}],"line":18},"1":{"loc":{"start":{"line":41,"column":43},"end":{"line":41,"column":68}},"type":"default-arg","locations":[{"start":{"line":41,"column":56},"end":{"line":41,"column":68}}],"line":41},"2":{"loc":{"start":{"line":43,"column":8},"end":{"line":43,"column":null}},"type":"if","locations":[{"start":{"line":43,"column":8},"end":{"line":43,"column":null}},{"start":{},"end":{}}],"line":43},"3":{"loc":{"start":{"line":90,"column":34},"end":{"line":90,"column":52}},"type":"default-arg","locations":[{"start":{"line":90,"column":43},"end":{"line":90,"column":52}}],"line":90},"4":{"loc":{"start":{"line":143,"column":32},"end":{"line":143,"column":50}},"type":"default-arg","locations":[{"start":{"line":143,"column":41},"end":{"line":143,"column":50}}],"line":143}},"s":{"0":0,"1":0,"2":0,"3":0,"4":0,"5":0,"6":0,"7":0,"8":0,"9":0,"10":0,"11":0,"12":0,"13":0,"14":0,"15":0,"16":0,"17":0,"18":0,"19":0,"20":0,"21":0},"f":{"0":3,"1":3,"2":3,"3":3,"4":3,"5":3,"6":3,"7":3,"8":3,"9":3},"b":{"0":[0],"1":[0],"2":[0,0],"3":[0],"4":[0]},"meta":{"lastBranch":5,"lastFunction":10,"lastStatement":22,"seen":{"f:8:17:8:23":0,"s:9:8:9:Infinity":0,"f:13:17:13:24":1,"s:14:8:14:Infinity":1,"f:18:17:18:23":2,"b:18:44:18:48":0,"s:19:25:21:Infinity":2,"s:22:8:28:Infinity":3,"f:32:17:32:23":3,"s:33:24:33:Infinity":4,"s:34:8:34:Infinity":5,"f:36:17:36:23":4,"s:37:8:37:Infinity":6,"f:41:17:41:28":5,"b:41:56:41:68":1,"s:42:24:42:Infinity":7,"b:43:8:43:Infinity:undefined:undefined:undefined:undefined":2,"s:43:8:43:Infinity":8,"s:43:22:43:Infinity":9,"s:45:25:45:Infinity":10,"s:48:8:51:Infinity":11,"s:54:8:63:Infinity":12,"s:65:8:65:Infinity":13,"f:69:17:69:33":6,"s:70:20:85:Infinity":14,"s:86:8:86:Infinity":15,"f:90:17:90:33":7,"b:90:43:90:52":3,"s:91:20:110:Infinity":16,"s:111:8:111:Infinity":17,"f:115:17:115:31":8,"s:116:20:139:Infinity":18,"s:140:8:140:Infinity":19,"f:143:11:143:31":9,"b:143:41:143:50":4,"s:144:21:157:Infinity":20,"s:158:8:158:Infinity":21},"fnNames":{}}}
,"/home/runner/work/Dukatiq/Dukatiq/server/src/api/product/product.route.js": {"path":"/home/runner/work/Dukatiq/Dukatiq/server/src/api/product/product.route.js","statementMap":{"0":{"start":{"line":4,"column":15},"end":{"line":4,"column":31}},"1":{"start":{"line":6,"column":0},"end":{"line":6,"column":null}},"2":{"start":{"line":7,"column":0},"end":{"line":7,"column":null}},"3":{"start":{"line":8,"column":0},"end":{"line":8,"column":null}},"4":{"start":{"line":9,"column":0},"end":{"line":9,"column":null}},"5":{"start":{"line":10,"column":0},"end":{"line":10,"column":null}}},"fnMap":{},"branchMap":{},"s":{"0":3,"1":3,"2":3,"3":3,"4":3,"5":3},"f":{},"b":{},"meta":{"lastBranch":0,"lastFunction":0,"lastStatement":6,"seen":{"s:4:15:4:31":0,"s:6:0:6:Infinity":1,"s:7:0:7:Infinity":2,"s:8:0:8:Infinity":3,"s:9:0:9:Infinity":4,"s:10:0:10:Infinity":5},"fnNames":{}}}
[...]
,"/home/runner/work/Dukatiq/Dukatiq/server/src/middleware/validation.middleware.js": {"path":"/home/runner/work/Dukatiq/Dukatiq/server/src/middleware/validation.middleware.js","statementMap":{"0":{"start":{"line":4,"column":4},"end":{"line":50,"column":null}},"1":{"start":{"line":5,"column":4},"end":{"line":50,"column":null}},"2":{"start":{"line":6,"column":8},"end":{"line":49,"column":null}},"3":{"start":{"line":7,"column":30},"end":{"line":7,"column":null}},"4":{"start":{"line":9,"column":28},"end":{"line":9,"column":null}},"5":{"start":{"line":11,"column":27},"end":{"line":11,"column":null}},"6":{"start":{"line":13,"column":12},"end":{"line":30,"column":null}},"7":{"start":{"line":14,"column":31},"end":{"line":14,"column":null}},"8":{"start":{"line":15,"column":16},"end":{"line":15,"column":null}},"9":{"start":{"line":15,"column":29},"end":{"line":15,"column":null}},"10":{"start":{"line":17,"column":31},"end":{"line":17,"column":null}},"11":{"start":{"line":19,"column":16},"end":{"line":29,"column":null}},"12":{"start":{"line":20,"column":20},"end":{"line":26,"column":null}},"13":{"start":{"line":21,"column":61},"end":{"line":25,"column":25}},"14":{"start":{"line":28,"column":20},"end":{"line":28,"column":null}},"15":{"start":{"line":32,"column":12},"end":{"line":38,"column":null}},"16":{"start":{"line":33,"column":16},"end":{"line":37,"column":null}},"17":{"start":{"line":41,"column":12},"end":{"line":41,"column":null}},"18":{"start":{"line":43,"column":12},"end":{"line":43,"column":null}},"19":{"start":{"line":45,"column":12},"end":{"line":48,"column":null}}},"fnMap":{"0":{"name":"(anonymous_0)","decl":{"start":{"line":4,"column":4},"end":{"line":4,"column":5}},"loc":{"start":{"line":5,"column":4},"end":{"line":50,"column":null}},"line":5},"1":{"name":"(anonymous_1)","decl":{"start":{"line":5,"column":4},"end":{"line":5,"column":5}},"loc":{"start":{"line":5,"column":24},"end":{"line":50,"column":null}},"line":5},"2":{"name":"(anonymous_2)","decl":{"start":{"line":21,"column":51},"end":{"line":21,"column":52}},"loc":{"start":{"line":21,"column":61},"end":{"line":25,"column":25}},"line":21}},"branchMap":{"0":{"loc":{"start":{"line":4,"column":5},"end":{"line":4,"column":17}},"type":"default-arg","locations":[{"start":{"line":4,"column":15},"end":{"line":4,"column":17}}],"line":4},"1":{"loc":{"start":{"line":15,"column":16},"end":{"line":15,"column":null}},"type":"if","locations":[{"start":{"line":15,"column":16},"end":{"line":15,"column":null}},{"start":{},"end":{}}],"line":15},"2":{"loc":{"start":{"line":19,"column":16},"end":{"line":29,"column":null}},"type":"if","locations":[{"start":{"line":19,"column":16},"end":{"line":29,"column":null}},{"start":{"line":27,"column":23},"end":{"line":29,"column":null}}],"line":19},"3":{"loc":{"start":{"line":32,"column":12},"end":{"line":38,"column":null}},"type":"if","locations":[{"start":{"line":32,"column":12},"end":{"line":38,"column":null}},{"start":{},"end":{}}],"line":32}},"s":{"0":0,"1":0,"2":0,"3":0,"4":0,"5":0,"6":0,"7":0,"8":0,"9":0,"10":0,"11":0,"12":0,"13":0,"14":0,"15":0,"16":0,"17":0,"18":0,"19":0},"f":{"0":0,"1":0,"2":0},"b":{"0":[0],"1":[0,0],"2":[0,0],"3":[0,0]},"meta":{"lastBranch":4,"lastFunction":3,"lastStatement":20,"seen":{"s:4:4:50:Infinity":0,"f:4:4:4:5":0,"s:5:4:50:Infinity":1,"b:4:15:4:17":0,"f:5:4:5:5":1,"s:6:8:49:Infinity":2,"s:7:30:7:Infinity":3,"s:9:28:9:Infinity":4,"s:11:27:11:Infinity":5,"s:13:12:30:Infinity":6,"s:14:31:14:Infinity":7,"b:15:16:15:Infinity:undefined:undefined:undefined:undefined":1,"s:15:16:15:Infinity":8,"s:15:29:15:Infinity":9,"s:17:31:17:Infinity":10,"b:19:16:29:Infinity:27:23:29:Infinity":2,"s:19:16:29:Infinity":11,"s:20:20:26:Infinity":12,"f:21:51:21:52":2,"s:21:61:25:25":13,"s:28:20:28:Infinity":14,"b:32:12:38:Infinity:undefined:undefined:undefined:undefined":3,"s:32:12:38:Infinity":15,"s:33:16:37:Infinity":16,"s:41:12:41:Infinity":17,"s:43:12:43:Infinity":18,"s:45:12:48:Infinity":19},"fnNames":{}}}
,"/home/runner/work/Dukatiq/Dukatiq/server/src/utils/auth/crypto.js": {"path":"/home/runner/work/Dukatiq/Dukatiq/server/src/utils/auth/crypto.js","statementMap":{"0":{"start":{"line":5,"column":25},"end":{"line":5,"column":null}},"1":{"start":{"line":5,"column":35},"end":{"line":5,"column":null}},"2":{"start":{"line":7,"column":27},"end":{"line":7,"column":null}},"3":{"start":{"line":7,"column":49},"end":{"line":7,"column":null}},"4":{"start":{"line":9,"column":29},"end":{"line":9,"column":null}},"5":{"start":{"line":9,"column":35},"end":{"line":9,"column":null}}},"fnMap":{"0":{"name":"(anonymous_0)","decl":{"start":{"line":5,"column":25},"end":{"line":5,"column":26}},"loc":{"start":{"line":5,"column":35},"end":{"line":5,"column":null}},"line":5},"1":{"name":"(anonymous_1)","decl":{"start":{"line":7,"column":27},"end":{"line":7,"column":28}},"loc":{"start":{"line":7,"column":49},"end":{"line":7,"column":null}},"line":7},"2":{"name":"(anonymous_2)","decl":{"start":{"line":9,"column":29},"end":{"line":9,"column":30}},"loc":{"start":{"line":9,"column":35},"end":{"line":9,"column":null}},"line":9}},"branchMap":{},"s":{"0":4,"1":8,"2":4,"3":2,"4":4,"5":5},"f":{"0":8,"1":2,"2":5},"b":{},"meta":{"lastBranch":0,"lastFunction":3,"lastStatement":6,"seen":{"s:5:25:5:Infinity":0,"f:5:25:5:26":0,"s:5:35:5:Infinity":1,"s:7:27:7:Infinity":2,"f:7:27:7:28":1,"s:7:49:7:Infinity":3,"s:9:29:9:Infinity":4,"f:9:29:9:30":2,"s:9:35:9:Infinity":5},"fnNames":{}}}
,"/home/runner/work/Dukatiq/Dukatiq/server/src/utils/auth/jwt.js": {"path":"/home/runner/work/Dukatiq/Dukatiq/server/src/utils/auth/jwt.js","statementMap":{"0":{"start":{"line":4,"column":22},"end":{"line":4,"column":null}},"1":{"start":{"line":6,"column":31},"end":{"line":8,"column":null}},"2":{"start":{"line":7,"column":4},"end":{"line":7,"column":null}},"3":{"start":{"line":10,"column":33},"end":{"line":10,"column":null}},"4":{"start":{"line":10,"column":44},"end":{"line":10,"column":null}}},"fnMap":{"0":{"name":"(anonymous_0)","decl":{"start":{"line":6,"column":31},"end":{"line":6,"column":32}},"loc":{"start":{"line":6,"column":41},"end":{"line":8,"column":null}},"line":6},"1":{"name":"(anonymous_1)","decl":{"start":{"line":10,"column":33},"end":{"line":10,"column":34}},"loc":{"start":{"line":10,"column":44},"end":{"line":10,"column":null}},"line":10}},"branchMap":{},"s":{"0":3,"1":3,"2":5,"3":3,"4":2},"f":{"0":5,"1":2},"b":{},"meta":{"lastBranch":0,"lastFunction":2,"lastStatement":5,"seen":{"s:4:22:4:Infinity":0,"s:6:31:8:Infinity":1,"f:6:31:6:32":0,"s:7:4:7:Infinity":2,"s:10:33:10:Infinity":3,"f:10:33:10:34":1,"s:10:44:10:Infinity":4},"fnNames":{}}}
,"/home/runner/work/Dukatiq/Dukatiq/server/src/utils/auth/password.js": {"path":"/home/runner/work/Dukatiq/Dukatiq/server/src/utils/auth/password.js","statementMap":{"0":{"start":{"line":3,"column":28},"end":{"line":5,"column":null}},"1":{"start":{"line":4,"column":4},"end":{"line":4,"column":null}},"2":{"start":{"line":7,"column":30},"end":{"line":9,"column":null}},"3":{"start":{"line":8,"column":4},"end":{"line":8,"column":null}}},"fnMap":{"0":{"name":"(anonymous_0)","decl":{"start":{"line":3,"column":28},"end":{"line":3,"column":33}},"loc":{"start":{"line":3,"column":48},"end":{"line":5,"column":null}},"line":3},"1":{"name":"(anonymous_1)","decl":{"start":{"line":7,"column":30},"end":{"line":7,"column":35}},"loc":{"start":{"line":7,"column":56},"end":{"line":9,"column":null}},"line":7}},"branchMap":{},"s":{"0":6,"1":17,"2":6,"3":4},"f":{"0":17,"1":4},"b":{},"meta":{"lastBranch":0,"lastFunction":2,"lastStatement":4,"seen":{"s:3:28:5:Infinity":0,"f:3:28:3:33":0,"s:4:4:4:Infinity":1,"s:7:30:9:Infinity":2,"f:7:30:7:35":1,"s:8:4:8:Infinity":3},"fnNames":{}}}
,"/home/runner/work/Dukatiq/Dukatiq/server/src/utils/auth/token.cookie.js": {"path":"/home/runner/work/Dukatiq/Dukatiq/server/src/utils/auth/token.cookie.js","statementMap":{"0":{"start":{"line":10,"column":7},"end":{"line":15,"column":null}},"1":{"start":{"line":19,"column":7},"end":{"line":24,"column":null}},"2":{"start":{"line":28,"column":7},"end":{"line":28,"column":null}},"3":{"start":{"line":32,"column":7},"end":{"line":32,"column":null}},"4":{"start":{"line":39,"column":31},"end":{"line":50,"column":null}},"5":{"start":{"line":40,"column":4},"end":{"line":40,"column":null}},"6":{"start":{"line":40,"column":14},"end":{"line":40,"column":null}},"7":{"start":{"line":43,"column":4},"end":{"line":45,"column":null}},"8":{"start":{"line":44,"column":8},"end":{"line":44,"column":null}},"9":{"start":{"line":47,"column":4},"end":{"line":49,"column":null}},"10":{"start":{"line":48,"column":8},"end":{"line":48,"column":null}},"11":{"start":{"line":56,"column":37},"end":{"line":61,"column":null}},"12":{"start":{"line":57,"column":4},"end":{"line":57,"column":null}},"13":{"start":{"line":57,"column":14},"end":{"line":57,"column":null}},"14":{"start":{"line":58,"column":4},"end":{"line":58,"column":null}},"15":{"start":{"line":58,"column":23},"end":{"line":58,"column":null}},"16":{"start":{"line":60,"column":4},"end":{"line":60,"column":null}},"17":{"start":{"line":67,"column":36},"end":{"line":72,"column":null}},"18":{"start":{"line":68,"column":4},"end":{"line":68,"column":null}},"19":{"start":{"line":68,"column":14},"end":{"line":68,"column":null}},"20":{"start":{"line":69,"column":4},"end":{"line":69,"column":null}},"21":{"start":{"line":69,"column":22},"end":{"line":69,"column":null}},"22":{"start":{"line":71,"column":4},"end":{"line":71,"column":null}},"23":{"start":{"line":77,"column":33},"end":{"line":82,"column":null}},"24":{"start":{"line":78,"column":4},"end":{"line":78,"column":null}},"25":{"start":{"line":78,"column":14},"end":{"line":78,"column":null}},"26":{"start":{"line":80,"column":4},"end":{"line":80,"column":null}},"27":{"start":{"line":81,"column":4},"end":{"line":81,"column":null}},"28":{"start":{"line":88,"column":39},"end":{"line":92,"column":null}},"29":{"start":{"line":89,"column":4},"end":{"line":89,"column":null}},"30":{"start":{"line":89,"column":14},"end":{"line":89,"column":null}},"31":{"start":{"line":91,"column":4},"end":{"line":91,"column":null}},"32":{"start":{"line":97,"column":38},"end":{"line":100,"column":null}},"33":{"start":{"line":98,"column":4},"end":{"line":98,"column":null}},"34":{"start":{"line":98,"column":14},"end":{"line":98,"column":null}},"35":{"start":{"line":99,"column":4},"end":{"line":99,"column":null}}},"fnMap":{"0":{"name":"setRefreshTokenCookie","decl":{"start":{"line":9,"column":11},"end":{"line":9,"column":32}},"loc":{"start":{"line":9,"column":52},"end":{"line":16,"column":null}},"line":9},"1":{"name":"setAccessTokenCookie","decl":{"start":{"line":18,"column":11},"end":{"line":18,"column":31}},"loc":{"start":{"line":18,"column":50},"end":{"line":25,"column":null}},"line":18},"2":{"name":"removeRefreshTokenCookie","decl":{"start":{"line":27,"column":11},"end":{"line":27,"column":35}},"loc":{"start":{"line":27,"column":41},"end":{"line":29,"column":null}},"line":27},"3":{"name":"removeAccessTokenCookie","decl":{"start":{"line":31,"column":11},"end":{"line":31,"column":34}},"loc":{"start":{"line":31,"column":40},"end":{"line":33,"column":null}},"line":31},"4":{"name":"(anonymous_4)","decl":{"start":{"line":39,"column":31},"end":{"line":39,"column":32}},"loc":{"start":{"line":39,"column":71},"end":{"line":50,"column":null}},"line":39},"5":{"name":"(anonymous_5)","decl":{"start":{"line":56,"column":37},"end":{"line":56,"column":38}},"loc":{"start":{"line":56,"column":64},"end":{"line":61,"column":null}},"line":56},"6":{"name":"(anonymous_6)","decl":{"start":{"line":67,"column":36},"end":{"line":67,"column":37}},"loc":{"start":{"line":67,"column":62},"end":{"line":72,"column":null}},"line":67},"7":{"name":"(anonymous_7)","decl":{"start":{"line":77,"column":33},"end":{"line":77,"column":34}},"loc":{"start":{"line":77,"column":42},"end":{"line":82,"column":null}},"line":77},"8":{"name":"(anonymous_8)","decl":{"start":{"line":88,"column":39},"end":{"line":88,"column":40}},"loc":{"start":{"line":88,"column":48},"end":{"line":92,"column":null}},"line":88},"9":{"name":"(anonymous_9)","decl":{"start":{"line":97,"column":38},"end":{"line":97,"column":39}},"loc":{"start":{"line":97,"column":47},"end":{"line":100,"column":null}},"line":97}},"branchMap":{"0":{"loc":{"start":{"line":40,"column":4},"end":{"line":40,"column":null}},"type":"if","locations":[{"start":{"line":40,"column":4},"end":{"line":40,"column":null}},{"start":{},"end":{}}],"line":40},"1":{"loc":{"start":{"line":43,"column":4},"end":{"line":45,"column":null}},"type":"if","locations":[{"start":{"line":43,"column":4},"end":{"line":45,"column":null}},{"start":{},"end":{}}],"line":43},"2":{"loc":{"start":{"line":47,"column":4},"end":{"line":49,"column":null}},"type":"if","locations":[{"start":{"line":47,"column":4},"end":{"line":49,"column":null}},{"start":{},"end":{}}],"line":47},"3":{"loc":{"start":{"line":57,"column":4},"end":{"line":57,"column":null}},"type":"if","locations":[{"start":{"line":57,"column":4},"end":{"line":57,"column":null}},{"start":{},"end":{}}],"line":57},"4":{"loc":{"start":{"line":58,"column":4},"end":{"line":58,"column":null}},"type":"if","locations":[{"start":{"line":58,"column":4},"end":{"line":58,"column":null}},{"start":{},"end":{}}],"line":58},"5":{"loc":{"start":{"line":68,"column":4},"end":{"line":68,"column":null}},"type":"if","locations":[{"start":{"line":68,"column":4},"end":{"line":68,"column":null}},{"start":{},"end":{}}],"line":68},"6":{"loc":{"start":{"line":69,"column":4},"end":{"line":69,"column":null}},"type":"if","locations":[{"start":{"line":69,"column":4},"end":{"line":69,"column":null}},{"start":{},"end":{}}],"line":69},"7":{"loc":{"start":{"line":78,"column":4},"end":{"line":78,"column":null}},"type":"if","locations":[{"start":{"line":78,"column":4},"end":{"line":78,"column":null}},{"start":{},"end":{}}],"line":78},"8":{"loc":{"start":{"line":89,"column":4},"end":{"line":89,"column":null}},"type":"if","locations":[{"start":{"line":89,"column":4},"end":{"line":89,"column":null}},{"start":{},"end":{}}],"line":89},"9":{"loc":{"start":{"line":98,"column":4},"end":{"line":98,"column":null}},"type":"if","locations":[{"start":{"line":98,"column":4},"end":{"line":98,"column":null}},{"start":{},"end":{}}],"line":98}},"s":{"0":5,"1":5,"2":1,"3":1,"4":3,"5":5,"6":0,"7":5,"8":5,"9":5,"10":5,"11":3,"12":0,"13":0,"14":0,"15":0,"16":0,"17":3,"18":0,"19":0,"20":0,"21":0,"22":0,"23":3,"24":1,"25":0,"26":1,"27":1,"28":3,"29":0,"30":0,"31":0,"32":3,"33":0,"34":0,"35":0},"f":{"0":3,"1":3,"2":3,"3":3,"4":5,"5":0,"6":0,"7":1,"8":0,"9":0},"b":{"0":[0,5],"1":[5,0],"2":[5,0],"3":[0,0],"4":[0,0],"5":[0,0],"6":[0,0],"7":[0,1],"8":[0,0],"9":[0,0]},"meta":{"lastBranch":10,"lastFunction":10,"lastStatement":36,"seen":{"f:9:11:9:32":0,"s:10:7:15:Infinity":0,"f:18:11:18:31":1,"s:19:7:24:Infinity":1,"f:27:11:27:35":2,"s:28:7:28:Infinity":2,"f:31:11:31:34":3,"s:32:7:32:Infinity":3,"s:39:31:50:Infinity":4,"f:39:31:39:32":4,"b:40:4:40:Infinity:undefined:undefined:undefined:undefined":0,"s:40:4:40:Infinity":5,"s:40:14:40:Infinity":6,"b:43:4:45:Infinity:undefined:undefined:undefined:undefined":1,"s:43:4:45:Infinity":7,"s:44:8:44:Infinity":8,"b:47:4:49:Infinity:undefined:undefined:undefined:undefined":2,"s:47:4:49:Infinity":9,"s:48:8:48:Infinity":10,"s:56:37:61:Infinity":11,"f:56:37:56:38":5,"b:57:4:57:Infinity:undefined:undefined:undefined:undefined":3,"s:57:4:57:Infinity":12,"s:57:14:57:Infinity":13,"b:58:4:58:Infinity:undefined:undefined:undefined:undefined":4,"s:58:4:58:Infinity":14,"s:58:23:58:Infinity":15,"s:60:4:60:Infinity":16,"s:67:36:72:Infinity":17,"f:67:36:67:37":6,"b:68:4:68:Infinity:undefined:undefined:undefined:undefined":5,"s:68:4:68:Infinity":18,"s:68:14:68:Infinity":19,"b:69:4:69:Infinity:undefined:undefined:undefined:undefined":6,"s:69:4:69:Infinity":20,"s:69:22:69:Infinity":21,"s:71:4:71:Infinity":22,"s:77:33:82:Infinity":23,"f:77:33:77:34":7,"b:78:4:78:Infinity:undefined:undefined:undefined:undefined":7,"s:78:4:78:Infinity":24,"s:78:14:78:Infinity":25,"s:80:4:80:Infinity":26,"s:81:4:81:Infinity":27,"s:88:39:92:Infinity":28,"f:88:39:88:40":8,"b:89:4:89:Infinity:undefined:undefined:undefined:undefined":8,"s:89:4:89:Infinity":29,"s:89:14:89:Infinity":30,"s:91:4:91:Infinity":31,"s:97:38:100:Infinity":32,"f:97:38:97:39":9,"b:98:4:98:Infinity:undefined:undefined:undefined:undefined":9,"s:98:4:98:Infinity":33,"s:98:14:98:Infinity":34,"s:99:4:99:Infinity":35},"fnNames":{}}}
,"/home/runner/work/Dukatiq/Dukatiq/server/src/utils/cookie/cookie.js": {"path":"/home/runner/work/Dukatiq/Dukatiq/server/src/utils/cookie/cookie.js","statementMap":{"0":{"start":{"line":4,"column":31},"end":{"line":4,"column":null}},"1":{"start":{"line":5,"column":26},"end":{"line":8,"column":null}},"2":{"start":{"line":10,"column":25},"end":{"line":13,"column":null}},"3":{"start":{"line":16,"column":25},"end":{"line":20,"column":null}},"4":{"start":{"line":23,"column":25},"end":{"line":25,"column":null}},"5":{"start":{"line":24,"column":4},"end":{"line":24,"column":null}},"6":{"start":{"line":27,"column":27},"end":{"line":29,"column":null}},"7":{"start":{"line":28,"column":4},"end":{"line":28,"column":null}}},"fnMap":{"0":{"name":"(anonymous_0)","decl":{"start":{"line":23,"column":25},"end":{"line":23,"column":26}},"loc":{"start":{"line":23,"column":87},"end":{"line":25,"column":null}},"line":23},"1":{"name":"(anonymous_1)","decl":{"start":{"line":27,"column":27},"end":{"line":27,"column":28}},"loc":{"start":{"line":27,"column":84},"end":{"line":29,"column":null}},"line":27}},"branchMap":{"0":{"loc":{"start":{"line":23,"column":44},"end":{"line":23,"column":82}},"type":"default-arg","locations":[{"start":{"line":23,"column":51},"end":{"line":23,"column":82}}],"line":23},"1":{"loc":{"start":{"line":27,"column":39},"end":{"line":27,"column":79}},"type":"default-arg","locations":[{"start":{"line":27,"column":48},"end":{"line":27,"column":79}}],"line":27}},"s":{"0":3,"1":3,"2":3,"3":3,"4":3,"5":10,"6":3,"7":2},"f":{"0":10,"1":2},"b":{"0":[10],"1":[2]},"meta":{"lastBranch":2,"lastFunction":2,"lastStatement":8,"seen":{"s:4:31:4:Infinity":0,"s:5:26:8:Infinity":1,"s:10:25:13:Infinity":2,"s:16:25:20:Infinity":3,"s:23:25:25:Infinity":4,"f:23:25:23:26":0,"b:23:51:23:82":0,"s:24:4:24:Infinity":5,"s:27:27:29:Infinity":6,"f:27:27:27:28":1,"b:27:48:27:79":1,"s:28:4:28:Infinity":7},"fnNames":{}}}
,"/home/runner/work/Dukatiq/Dukatiq/server/src/utils/cookie/cookie.keys.js": {"path":"/home/runner/work/Dukatiq/Dukatiq/server/src/utils/cookie/cookie.keys.js","statementMap":{"0":{"start":{"line":1,"column":27},"end":{"line":4,"column":null}}},"fnMap":{},"branchMap":{},"s":{"0":3},"f":{},"b":{},"meta":{"lastBranch":0,"lastFunction":0,"lastStatement":1,"seen":{"s:1:27:4:Infinity":0},"fnNames":{}}}
}
